SF:/home/anatoliy/Documents/T-DEV-600-REN_13/backend/rtc_backend/src/db.rs
FN:6,_RNvNtCs3TuL72Zemk9_11rtc_backend2db11create_pool
FNDA:9,_RNvNtCs3TuL72Zemk9_11rtc_backend2db11create_pool
FNF:1
FNH:1
DA:6,9
DA:7,9
DA:8,9
DA:9,9
DA:10,9
DA:11,9
DA:12,9
BRF:0
BRH:0
LF:7
LH:7
end_of_record
SF:/home/anatoliy/Documents/T-DEV-600-REN_13/backend/rtc_backend/src/domain/permissions.rs
FN:84,_RNvNtNtNtCs3TuL72Zemk9_11rtc_backend6domain11permissions5testss_17test_channel_crud
FN:77,_RNvNtNtNtCs3TuL72Zemk9_11rtc_backend6domain11permissions5testss_17test_manage_roles
FN:66,_RNvNtNtNtCs3TuL72Zemk9_11rtc_backend6domain11permissions5testss_22test_owner_leave_rules
FN:47,_RNvNtNtNtCs3TuL72Zemk9_11rtc_backend6domain11permissions5testss_23test_can_create_channel
FN:54,_RNvNtNtNtCs3TuL72Zemk9_11rtc_backend6domain11permissions5testss_23test_can_delete_message
FN:38,_RNvNtNtCs3TuL72Zemk9_11rtc_backend6domain11permissions16can_leave_server
FN:30,_RNvNtNtCs3TuL72Zemk9_11rtc_backend6domain11permissions16can_manage_roles
FN:11,_RNvNtNtCs3TuL72Zemk9_11rtc_backend6domain11permissions18can_create_channel
FN:19,_RNvNtNtCs3TuL72Zemk9_11rtc_backend6domain11permissions18can_delete_channel
FN:23,_RNvNtNtCs3TuL72Zemk9_11rtc_backend6domain11permissions18can_delete_message
FN:15,_RNvNtNtCs3TuL72Zemk9_11rtc_backend6domain11permissions18can_update_channel
FN:34,_RNvNtNtCs3TuL72Zemk9_11rtc_backend6domain11permissions25owner_cannot_leave_server
FNDA:1,_RNvNtNtNtCs3TuL72Zemk9_11rtc_backend6domain11permissions5testss_17test_channel_crud
FNDA:1,_RNvNtNtNtCs3TuL72Zemk9_11rtc_backend6domain11permissions5testss_17test_manage_roles
FNDA:1,_RNvNtNtNtCs3TuL72Zemk9_11rtc_backend6domain11permissions5testss_22test_owner_leave_rules
FNDA:1,_RNvNtNtNtCs3TuL72Zemk9_11rtc_backend6domain11permissions5testss_23test_can_create_channel
FNDA:1,_RNvNtNtNtCs3TuL72Zemk9_11rtc_backend6domain11permissions5testss_23test_can_delete_message
FNDA:4,_RNvNtNtCs3TuL72Zemk9_11rtc_backend6domain11permissions16can_leave_server
FNDA:5,_RNvNtNtCs3TuL72Zemk9_11rtc_backend6domain11permissions16can_manage_roles
FNDA:7,_RNvNtNtCs3TuL72Zemk9_11rtc_backend6domain11permissions18can_create_channel
FNDA:4,_RNvNtNtCs3TuL72Zemk9_11rtc_backend6domain11permissions18can_delete_channel
FNDA:10,_RNvNtNtCs3TuL72Zemk9_11rtc_backend6domain11permissions18can_delete_message
FNDA:5,_RNvNtNtCs3TuL72Zemk9_11rtc_backend6domain11permissions18can_update_channel
FNDA:7,_RNvNtNtCs3TuL72Zemk9_11rtc_backend6domain11permissions25owner_cannot_leave_server
FNF:12
FNH:12
DA:11,7
DA:12,7
DA:13,7
DA:15,5
DA:16,5
DA:17,5
DA:19,4
DA:20,4
DA:21,4
DA:23,10
DA:24,10
DA:25,7
DA:26,3
DA:28,10
DA:30,5
DA:31,5
DA:32,5
DA:34,7
DA:35,7
DA:36,7
DA:38,4
DA:39,4
DA:40,4
DA:47,1
DA:48,1
DA:49,1
DA:50,1
DA:51,1
DA:54,1
DA:55,1
DA:56,1
DA:58,1
DA:59,1
DA:61,1
DA:62,1
DA:63,1
DA:66,1
DA:67,1
DA:68,1
DA:69,1
DA:71,1
DA:72,1
DA:73,1
DA:74,1
DA:77,1
DA:78,1
DA:79,1
DA:80,1
DA:81,1
DA:84,1
DA:85,1
DA:86,1
DA:87,1
DA:89,1
DA:90,1
DA:91,1
DA:92,1
BRF:0
BRH:0
LF:57
LH:57
end_of_record
SF:/home/anatoliy/Documents/T-DEV-600-REN_13/backend/rtc_backend/src/errors.rs
FN:26,_RNvXNtCs3TuL72Zemk9_11rtc_backend6errorsNtB2_8AppErrorNtNtNtCs7F8Uig5qjNI_9axum_core8response13into_response12IntoResponse13into_response
FN:46,_RNvXs_NtCs3TuL72Zemk9_11rtc_backend6errorsNtB4_8AppErrorINtNtCslH02haMvknO_4core7convert4FromNtNtCsiQnTa5e7sLK_6diesel6result5ErrorE4from
FNDA:15,_RNvXNtCs3TuL72Zemk9_11rtc_backend6errorsNtB2_8AppErrorNtNtNtCs7F8Uig5qjNI_9axum_core8response13into_response12IntoResponse13into_response
FNDA:0,_RNvXs_NtCs3TuL72Zemk9_11rtc_backend6errorsNtB4_8AppErrorINtNtCslH02haMvknO_4core7convert4FromNtNtCsiQnTa5e7sLK_6diesel6result5ErrorE4from
FNF:2
FNH:1
DA:26,15
DA:27,15
DA:28,4
DA:29,1
DA:30,9
DA:31,0
DA:32,1
DA:35,0
DA:37,0
DA:38,0
DA:41,15
DA:42,15
DA:46,0
DA:47,0
DA:48,0
BRF:0
BRH:0
LF:15
LH:8
end_of_record
SF:/home/anatoliy/Documents/T-DEV-600-REN_13/backend/rtc_backend/src/handlers/authentication.rs
FN:167,_RNvNtNtCs3TuL72Zemk9_11rtc_backend8handlers14authentication6logout
FN:35,_RNvNtNtCs3TuL72Zemk9_11rtc_backend8handlers14authentication6routes
FN:45,_RNvNtNtCs3TuL72Zemk9_11rtc_backend8handlers14authentication6signup
FN:134,_RNvNtNtCs3TuL72Zemk9_11rtc_backend8handlers14authentication7refresh
FN:88,_RNvNtNtCs3TuL72Zemk9_11rtc_backend8handlers14authentication7sign_in
FN:181,_RNCNCNvNtNtCs3TuL72Zemk9_11rtc_backend8handlers14authentication6logout00B9_
FN:62,_RNCNCNvNtNtCs3TuL72Zemk9_11rtc_backend8handlers14authentication6signup00B9_
FN:146,_RNCNCNvNtNtCs3TuL72Zemk9_11rtc_backend8handlers14authentication7refresh00B9_
FN:102,_RNCNCNvNtNtCs3TuL72Zemk9_11rtc_backend8handlers14authentication7sign_in00B9_
FN:170,_RNCNvNtNtCs3TuL72Zemk9_11rtc_backend8handlers14authentication6logout0B7_
FN:48,_RNCNvNtNtCs3TuL72Zemk9_11rtc_backend8handlers14authentication6signup0B7_
FN:137,_RNCNvNtNtCs3TuL72Zemk9_11rtc_backend8handlers14authentication7refresh0B7_
FN:91,_RNCNvNtNtCs3TuL72Zemk9_11rtc_backend8handlers14authentication7sign_in0B7_
FNDA:1,_RNvNtNtCs3TuL72Zemk9_11rtc_backend8handlers14authentication6logout
FNDA:9,_RNvNtNtCs3TuL72Zemk9_11rtc_backend8handlers14authentication6routes
FNDA:17,_RNvNtNtCs3TuL72Zemk9_11rtc_backend8handlers14authentication6signup
FNDA:1,_RNvNtNtCs3TuL72Zemk9_11rtc_backend8handlers14authentication7refresh
FNDA:0,_RNvNtNtCs3TuL72Zemk9_11rtc_backend8handlers14authentication7sign_in
FNDA:0,_RNCNCNvNtNtCs3TuL72Zemk9_11rtc_backend8handlers14authentication6logout00B9_
FNDA:0,_RNCNCNvNtNtCs3TuL72Zemk9_11rtc_backend8handlers14authentication6signup00B9_
FNDA:0,_RNCNCNvNtNtCs3TuL72Zemk9_11rtc_backend8handlers14authentication7refresh00B9_
FNDA:0,_RNCNCNvNtNtCs3TuL72Zemk9_11rtc_backend8handlers14authentication7sign_in00B9_
FNDA:1,_RNCNvNtNtCs3TuL72Zemk9_11rtc_backend8handlers14authentication6logout0B7_
FNDA:17,_RNCNvNtNtCs3TuL72Zemk9_11rtc_backend8handlers14authentication6signup0B7_
FNDA:1,_RNCNvNtNtCs3TuL72Zemk9_11rtc_backend8handlers14authentication7refresh0B7_
FNDA:0,_RNCNvNtNtCs3TuL72Zemk9_11rtc_backend8handlers14authentication7sign_in0B7_
FNF:13
FNH:7
DA:35,9
DA:36,9
DA:37,9
DA:38,9
DA:39,9
DA:40,9
DA:41,9
DA:42,9
DA:43,9
DA:45,17
DA:46,17
DA:47,17
DA:48,17
DA:49,17
DA:50,17
DA:51,17
DA:53,17
DA:54,0
DA:55,17
DA:57,17
DA:59,17
DA:60,17
DA:61,17
DA:62,17
DA:64,17
DA:66,17
DA:68,17
DA:69,17
DA:71,17
DA:73,17
DA:74,17
DA:75,17
DA:76,17
DA:77,17
DA:78,17
DA:79,17
DA:80,0
DA:82,17
DA:83,17
DA:84,17
DA:85,17
DA:86,17
DA:88,0
DA:89,0
DA:90,0
DA:91,0
DA:92,0
DA:93,0
DA:95,0
DA:96,0
DA:97,0
DA:99,0
DA:100,0
DA:101,0
DA:102,0
DA:104,0
DA:105,0
DA:107,0
DA:108,0
DA:109,0
DA:110,0
DA:112,0
DA:114,0
DA:115,0
DA:117,0
DA:119,0
DA:120,0
DA:121,0
DA:122,0
DA:123,0
DA:124,0
DA:125,0
DA:126,0
DA:128,0
DA:129,0
DA:130,0
DA:131,0
DA:132,0
DA:134,1
DA:135,1
DA:136,1
DA:137,1
DA:138,1
DA:139,1
DA:140,0
DA:141,1
DA:143,1
DA:144,1
DA:145,1
DA:146,1
DA:148,1
DA:150,1
DA:151,1
DA:152,1
DA:153,1
DA:154,1
DA:155,1
DA:157,1
DA:159,0
DA:161,0
DA:162,0
DA:163,0
DA:164,0
DA:165,1
DA:167,1
DA:168,1
DA:169,1
DA:170,1
DA:171,1
DA:172,1
DA:173,0
DA:174,1
DA:176,1
DA:178,1
DA:179,1
DA:180,1
DA:181,1
DA:183,1
DA:184,1
DA:186,1
DA:187,1
BRF:0
BRH:0
LF:129
LH:79
end_of_record
SF:/home/anatoliy/Documents/T-DEV-600-REN_13/backend/rtc_backend/src/handlers/blocks.rs
FN:27,_RNvNtNtCs3TuL72Zemk9_11rtc_backend8handlers6blocks10block_user
FN:62,_RNvNtNtCs3TuL72Zemk9_11rtc_backend8handlers6blocks11list_blocks
FN:48,_RNvNtNtCs3TuL72Zemk9_11rtc_backend8handlers6blocks12unblock_user
FN:21,_RNvNtNtCs3TuL72Zemk9_11rtc_backend8handlers6blocks6routes
FN:85,_RNCNCNCNvNtNtCs3TuL72Zemk9_11rtc_backend8handlers6blocks11list_blocks0s0_00Bb_
FN:87,_RNCNCNCNvNtNtCs3TuL72Zemk9_11rtc_backend8handlers6blocks11list_blocks0s0_0s0_0Bb_
FN:88,_RNCNCNCNvNtNtCs3TuL72Zemk9_11rtc_backend8handlers6blocks11list_blocks0s0_0s1_0Bb_
FN:86,_RNCNCNCNvNtNtCs3TuL72Zemk9_11rtc_backend8handlers6blocks11list_blocks0s0_0s_0Bb_
FN:39,_RNCNCNvNtNtCs3TuL72Zemk9_11rtc_backend8handlers6blocks10block_user00B9_
FN:42,_RNCNCNvNtNtCs3TuL72Zemk9_11rtc_backend8handlers6blocks10block_user0s_0B9_
FN:69,_RNCNCNvNtNtCs3TuL72Zemk9_11rtc_backend8handlers6blocks11list_blocks00B9_
FN:81,_RNCNCNvNtNtCs3TuL72Zemk9_11rtc_backend8handlers6blocks11list_blocks0s0_0B9_
FN:56,_RNCNCNvNtNtCs3TuL72Zemk9_11rtc_backend8handlers6blocks12unblock_user00B9_
FN:31,_RNCNvNtNtCs3TuL72Zemk9_11rtc_backend8handlers6blocks10block_user0B7_
FN:65,_RNCNvNtNtCs3TuL72Zemk9_11rtc_backend8handlers6blocks11list_blocks0B7_
FN:52,_RNCNvNtNtCs3TuL72Zemk9_11rtc_backend8handlers6blocks12unblock_user0B7_
FNDA:1,_RNvNtNtCs3TuL72Zemk9_11rtc_backend8handlers6blocks10block_user
FNDA:1,_RNvNtNtCs3TuL72Zemk9_11rtc_backend8handlers6blocks11list_blocks
FNDA:1,_RNvNtNtCs3TuL72Zemk9_11rtc_backend8handlers6blocks12unblock_user
FNDA:9,_RNvNtNtCs3TuL72Zemk9_11rtc_backend8handlers6blocks6routes
FNDA:1,_RNCNCNCNvNtNtCs3TuL72Zemk9_11rtc_backend8handlers6blocks11list_blocks0s0_00Bb_
FNDA:1,_RNCNCNCNvNtNtCs3TuL72Zemk9_11rtc_backend8handlers6blocks11list_blocks0s0_0s0_0Bb_
FNDA:1,_RNCNCNCNvNtNtCs3TuL72Zemk9_11rtc_backend8handlers6blocks11list_blocks0s0_0s1_0Bb_
FNDA:1,_RNCNCNCNvNtNtCs3TuL72Zemk9_11rtc_backend8handlers6blocks11list_blocks0s0_0s_0Bb_
FNDA:0,_RNCNCNvNtNtCs3TuL72Zemk9_11rtc_backend8handlers6blocks10block_user00B9_
FNDA:0,_RNCNCNvNtNtCs3TuL72Zemk9_11rtc_backend8handlers6blocks10block_user0s_0B9_
FNDA:0,_RNCNCNvNtNtCs3TuL72Zemk9_11rtc_backend8handlers6blocks11list_blocks00B9_
FNDA:1,_RNCNCNvNtNtCs3TuL72Zemk9_11rtc_backend8handlers6blocks11list_blocks0s0_0B9_
FNDA:0,_RNCNCNvNtNtCs3TuL72Zemk9_11rtc_backend8handlers6blocks12unblock_user00B9_
FNDA:1,_RNCNvNtNtCs3TuL72Zemk9_11rtc_backend8handlers6blocks10block_user0B7_
FNDA:1,_RNCNvNtNtCs3TuL72Zemk9_11rtc_backend8handlers6blocks11list_blocks0B7_
FNDA:1,_RNCNvNtNtCs3TuL72Zemk9_11rtc_backend8handlers6blocks12unblock_user0B7_
FNF:16
FNH:12
DA:21,9
DA:22,9
DA:23,9
DA:24,9
DA:25,9
DA:27,1
DA:28,1
DA:29,1
DA:30,1
DA:31,1
DA:32,1
DA:33,0
DA:34,1
DA:36,1
DA:37,1
DA:38,1
DA:39,1
DA:41,1
DA:42,1
DA:44,1
DA:45,1
DA:46,1
DA:48,1
DA:49,1
DA:50,1
DA:51,1
DA:52,1
DA:53,1
DA:54,1
DA:55,1
DA:56,1
DA:58,1
DA:59,1
DA:60,1
DA:62,1
DA:63,1
DA:64,1
DA:65,1
DA:66,1
DA:67,1
DA:68,1
DA:69,1
DA:71,1
DA:72,1
DA:73,1
DA:74,1
DA:75,1
DA:76,1
DA:77,1
DA:79,1
DA:80,1
DA:81,1
DA:82,1
DA:84,1
DA:85,1
DA:86,1
DA:87,1
DA:88,1
DA:89,1
DA:91,1
DA:92,1
DA:94,1
DA:95,1
BRF:0
BRH:0
LF:75
LH:70
end_of_record
SF:/home/anatoliy/Documents/T-DEV-600-REN_13/backend/rtc_backend/src/handlers/channels.rs
FN:104,_RNvNtNtCs3TuL72Zemk9_11rtc_backend8handlers8channels11get_channel
FN:236,_RNvNtNtCs3TuL72Zemk9_11rtc_backend8handlers8channels11list_my_dms
FN:202,_RNvNtNtCs3TuL72Zemk9_11rtc_backend8handlers8channels13ensure_member
FN:214,_RNvNtNtCs3TuL72Zemk9_11rtc_backend8handlers8channels13get_user_role
FN:54,_RNvNtNtCs3TuL72Zemk9_11rtc_backend8handlers8channels14create_channel
FN:176,_RNvNtNtCs3TuL72Zemk9_11rtc_backend8handlers8channels14delete_channel
FN:121,_RNvNtNtCs3TuL72Zemk9_11rtc_backend8handlers8channels14update_channel
FN:249,_RNvNtNtCs3TuL72Zemk9_11rtc_backend8handlers8channels16create_or_get_dm
FN:285,_RNvNtNtCs3TuL72Zemk9_11rtc_backend8handlers8channels17delete_dm_history
FN:91,_RNvNtNtCs3TuL72Zemk9_11rtc_backend8handlers8channels20list_server_channels
FN:22,_RNvNtNtCs3TuL72Zemk9_11rtc_backend8handlers8channels20server_scoped_routes
FN:229,_RNvNtNtCs3TuL72Zemk9_11rtc_backend8handlers8channels31map_diesel_notfound_to_notfound
FN:27,_RNvNtNtCs3TuL72Zemk9_11rtc_backend8handlers8channels6routes
FN:161,_RNCNCNCNvNtNtCs3TuL72Zemk9_11rtc_backend8handlers8channels14update_channel0s_00Bb_
FN:109,_RNCNCNvNtNtCs3TuL72Zemk9_11rtc_backend8handlers8channels11get_channel00B9_
FN:243,_RNCNCNvNtNtCs3TuL72Zemk9_11rtc_backend8handlers8channels11list_my_dms00B9_
FN:60,_RNCNCNvNtNtCs3TuL72Zemk9_11rtc_backend8handlers8channels14create_channel00B9_
FN:181,_RNCNCNvNtNtCs3TuL72Zemk9_11rtc_backend8handlers8channels14delete_channel00B9_
FN:127,_RNCNCNvNtNtCs3TuL72Zemk9_11rtc_backend8handlers8channels14update_channel00B9_
FN:169,_RNCNCNvNtNtCs3TuL72Zemk9_11rtc_backend8handlers8channels14update_channel0s0_0B9_
FN:157,_RNCNCNvNtNtCs3TuL72Zemk9_11rtc_backend8handlers8channels14update_channel0s_0B9_
FN:263,_RNCNCNvNtNtCs3TuL72Zemk9_11rtc_backend8handlers8channels16create_or_get_dm00B9_
FN:266,_RNCNCNvNtNtCs3TuL72Zemk9_11rtc_backend8handlers8channels16create_or_get_dm0s_0B9_
FN:293,_RNCNCNvNtNtCs3TuL72Zemk9_11rtc_backend8handlers8channels17delete_dm_history00B9_
FN:96,_RNCNCNvNtNtCs3TuL72Zemk9_11rtc_backend8handlers8channels20list_server_channels00B9_
FN:108,_RNCNvNtNtCs3TuL72Zemk9_11rtc_backend8handlers8channels11get_channel0B7_
FN:239,_RNCNvNtNtCs3TuL72Zemk9_11rtc_backend8handlers8channels11list_my_dms0B7_
FN:59,_RNCNvNtNtCs3TuL72Zemk9_11rtc_backend8handlers8channels14create_channel0B7_
FN:180,_RNCNvNtNtCs3TuL72Zemk9_11rtc_backend8handlers8channels14delete_channel0B7_
FN:126,_RNCNvNtNtCs3TuL72Zemk9_11rtc_backend8handlers8channels14update_channel0B7_
FN:253,_RNCNvNtNtCs3TuL72Zemk9_11rtc_backend8handlers8channels16create_or_get_dm0B7_
FN:289,_RNCNvNtNtCs3TuL72Zemk9_11rtc_backend8handlers8channels17delete_dm_history0B7_
FN:95,_RNCNvNtNtCs3TuL72Zemk9_11rtc_backend8handlers8channels20list_server_channels0B7_
FN:230,_RNCNvNtNtCs3TuL72Zemk9_11rtc_backend8handlers8channels31map_diesel_notfound_to_notfound0B7_
FNDA:1,_RNvNtNtCs3TuL72Zemk9_11rtc_backend8handlers8channels11get_channel
FNDA:1,_RNvNtNtCs3TuL72Zemk9_11rtc_backend8handlers8channels11list_my_dms
FNDA:11,_RNvNtNtCs3TuL72Zemk9_11rtc_backend8handlers8channels13ensure_member
FNDA:7,_RNvNtNtCs3TuL72Zemk9_11rtc_backend8handlers8channels13get_user_role
FNDA:4,_RNvNtNtCs3TuL72Zemk9_11rtc_backend8handlers8channels14create_channel
FNDA:1,_RNvNtNtCs3TuL72Zemk9_11rtc_backend8handlers8channels14delete_channel
FNDA:2,_RNvNtNtCs3TuL72Zemk9_11rtc_backend8handlers8channels14update_channel
FNDA:2,_RNvNtNtCs3TuL72Zemk9_11rtc_backend8handlers8channels16create_or_get_dm
FNDA:1,_RNvNtNtCs3TuL72Zemk9_11rtc_backend8handlers8channels17delete_dm_history
FNDA:3,_RNvNtNtCs3TuL72Zemk9_11rtc_backend8handlers8channels20list_server_channels
FNDA:9,_RNvNtNtCs3TuL72Zemk9_11rtc_backend8handlers8channels20server_scoped_routes
FNDA:12,_RNvNtNtCs3TuL72Zemk9_11rtc_backend8handlers8channels31map_diesel_notfound_to_notfound
FNDA:9,_RNvNtNtCs3TuL72Zemk9_11rtc_backend8handlers8channels6routes
FNDA:0,_RNCNCNCNvNtNtCs3TuL72Zemk9_11rtc_backend8handlers8channels14update_channel0s_00Bb_
FNDA:0,_RNCNCNvNtNtCs3TuL72Zemk9_11rtc_backend8handlers8channels11get_channel00B9_
FNDA:0,_RNCNCNvNtNtCs3TuL72Zemk9_11rtc_backend8handlers8channels11list_my_dms00B9_
FNDA:0,_RNCNCNvNtNtCs3TuL72Zemk9_11rtc_backend8handlers8channels14create_channel00B9_
FNDA:0,_RNCNCNvNtNtCs3TuL72Zemk9_11rtc_backend8handlers8channels14delete_channel00B9_
FNDA:0,_RNCNCNvNtNtCs3TuL72Zemk9_11rtc_backend8handlers8channels14update_channel00B9_
FNDA:0,_RNCNCNvNtNtCs3TuL72Zemk9_11rtc_backend8handlers8channels14update_channel0s0_0B9_
FNDA:0,_RNCNCNvNtNtCs3TuL72Zemk9_11rtc_backend8handlers8channels14update_channel0s_0B9_
FNDA:0,_RNCNCNvNtNtCs3TuL72Zemk9_11rtc_backend8handlers8channels16create_or_get_dm00B9_
FNDA:0,_RNCNCNvNtNtCs3TuL72Zemk9_11rtc_backend8handlers8channels16create_or_get_dm0s_0B9_
FNDA:0,_RNCNCNvNtNtCs3TuL72Zemk9_11rtc_backend8handlers8channels17delete_dm_history00B9_
FNDA:0,_RNCNCNvNtNtCs3TuL72Zemk9_11rtc_backend8handlers8channels20list_server_channels00B9_
FNDA:1,_RNCNvNtNtCs3TuL72Zemk9_11rtc_backend8handlers8channels11get_channel0B7_
FNDA:1,_RNCNvNtNtCs3TuL72Zemk9_11rtc_backend8handlers8channels11list_my_dms0B7_
FNDA:4,_RNCNvNtNtCs3TuL72Zemk9_11rtc_backend8handlers8channels14create_channel0B7_
FNDA:1,_RNCNvNtNtCs3TuL72Zemk9_11rtc_backend8handlers8channels14delete_channel0B7_
FNDA:2,_RNCNvNtNtCs3TuL72Zemk9_11rtc_backend8handlers8channels14update_channel0B7_
FNDA:2,_RNCNvNtNtCs3TuL72Zemk9_11rtc_backend8handlers8channels16create_or_get_dm0B7_
FNDA:1,_RNCNvNtNtCs3TuL72Zemk9_11rtc_backend8handlers8channels17delete_dm_history0B7_
FNDA:3,_RNCNvNtNtCs3TuL72Zemk9_11rtc_backend8handlers8channels20list_server_channels0B7_
FNDA:0,_RNCNvNtNtCs3TuL72Zemk9_11rtc_backend8handlers8channels31map_diesel_notfound_to_notfound0B7_
FNF:34
FNH:21
DA:22,9
DA:23,9
DA:24,9
DA:25,9
DA:27,9
DA:28,9
DA:29,9
DA:30,9
DA:31,9
DA:33,9
DA:54,4
DA:55,4
DA:56,4
DA:57,4
DA:58,4
DA:59,4
DA:60,4
DA:62,4
DA:64,4
DA:65,4
DA:66,1
DA:67,3
DA:69,3
DA:70,3
DA:71,0
DA:72,3
DA:73,3
DA:74,0
DA:75,0
DA:76,0
DA:77,3
DA:79,3
DA:80,3
DA:81,3
DA:82,3
DA:83,3
DA:84,3
DA:85,3
DA:86,0
DA:88,3
DA:89,4
DA:91,3
DA:92,3
DA:93,3
DA:94,3
DA:95,3
DA:96,3
DA:98,3
DA:100,3
DA:101,3
DA:102,3
DA:104,1
DA:105,1
DA:106,1
DA:107,1
DA:108,1
DA:109,1
DA:111,1
DA:112,1
DA:114,1
DA:115,1
DA:116,0
DA:118,1
DA:119,1
DA:121,2
DA:122,2
DA:123,2
DA:124,2
DA:125,2
DA:126,2
DA:127,2
DA:129,2
DA:130,2
DA:132,2
DA:133,2
DA:134,2
DA:135,2
DA:136,1
DA:137,1
DA:138,0
DA:140,1
DA:141,1
DA:142,1
DA:143,0
DA:144,1
DA:145,1
DA:146,0
DA:147,0
DA:148,0
DA:149,1
DA:150,0
DA:151,1
DA:152,1
DA:153,0
DA:154,1
DA:155,0
DA:157,1
DA:158,0
DA:159,0
DA:160,0
DA:161,0
DA:162,0
DA:163,0
DA:165,1
DA:166,1
DA:167,1
DA:168,1
DA:169,1
DA:170,1
DA:171,0
DA:173,1
DA:174,2
DA:176,1
DA:177,1
DA:178,1
DA:179,1
DA:180,1
DA:181,1
DA:183,1
DA:184,1
DA:186,1
DA:187,1
DA:188,1
DA:189,1
DA:190,0
DA:191,1
DA:192,0
DA:194,1
DA:195,1
DA:196,0
DA:197,1
DA:199,1
DA:200,1
DA:202,11
DA:203,11
DA:204,11
DA:205,11
DA:206,11
DA:207,11
DA:208,11
DA:209,0
DA:210,11
DA:211,11
DA:212,11
DA:214,7
DA:215,7
DA:216,7
DA:217,7
DA:218,7
DA:219,7
DA:220,7
DA:222,7
DA:223,4
DA:224,1
DA:225,2
DA:227,7
DA:229,12
DA:230,0
DA:231,0
DA:232,0
DA:233,0
DA:234,12
DA:236,1
DA:237,1
DA:238,1
DA:239,1
DA:240,1
DA:241,1
DA:242,1
DA:243,1
DA:245,1
DA:246,1
DA:247,1
DA:249,2
DA:250,2
DA:251,2
DA:252,2
DA:253,2
DA:254,2
DA:255,0
DA:256,0
DA:257,0
DA:258,2
DA:260,2
DA:261,2
DA:262,2
DA:263,2
DA:265,2
DA:266,2
DA:268,2
DA:269,2
DA:270,2
DA:271,2
DA:272,0
DA:273,2
DA:274,1
DA:275,1
DA:276,1
DA:277,1
DA:279,1
DA:280,1
DA:282,1
DA:283,2
DA:285,1
DA:286,1
DA:287,1
DA:288,1
DA:289,1
DA:290,1
DA:291,1
DA:292,1
DA:293,1
DA:295,1
DA:296,1
DA:298,1
DA:299,0
DA:300,0
DA:301,0
DA:302,1
DA:304,1
DA:305,1
DA:307,1
DA:308,1
BRF:0
BRH:0
LF:243
LH:195
end_of_record
SF:/home/anatoliy/Documents/T-DEV-600-REN_13/backend/rtc_backend/src/handlers/current_user.rs
FN:181,_RNCNCNvNtNtCs3TuL72Zemk9_11rtc_backend8handlers12current_user13upload_avatar00B9_
FN:210,_RNCNCNvNtNtCs3TuL72Zemk9_11rtc_backend8handlers12current_user13upload_avatar0s0_0B9_
FN:222,_RNCNCNvNtNtCs3TuL72Zemk9_11rtc_backend8handlers12current_user13upload_avatar0s1_0B9_
FN:230,_RNCNCNvNtNtCs3TuL72Zemk9_11rtc_backend8handlers12current_user13upload_avatar0s2_0B9_
FN:233,_RNCNCNvNtNtCs3TuL72Zemk9_11rtc_backend8handlers12current_user13upload_avatar0s3_0B9_
FN:240,_RNCNCNvNtNtCs3TuL72Zemk9_11rtc_backend8handlers12current_user13upload_avatar0s4_0B9_
FN:188,_RNCNCNvNtNtCs3TuL72Zemk9_11rtc_backend8handlers12current_user13upload_avatar0s_0B9_
FN:77,_RNCNCNvNtNtCs3TuL72Zemk9_11rtc_backend8handlers12current_user2me00B9_
FN:101,_RNCNCNvNtNtCs3TuL72Zemk9_11rtc_backend8handlers12current_user9update_me00B9_
FN:111,_RNCNCNvNtNtCs3TuL72Zemk9_11rtc_backend8handlers12current_user9update_me0s0_0B9_
FN:114,_RNCNCNvNtNtCs3TuL72Zemk9_11rtc_backend8handlers12current_user9update_me0s1_0B9_
FN:143,_RNCNCNvNtNtCs3TuL72Zemk9_11rtc_backend8handlers12current_user9update_me0s2_0B9_
FN:154,_RNCNCNvNtNtCs3TuL72Zemk9_11rtc_backend8handlers12current_user9update_me0s3_0B9_
FN:106,_RNCNCNvNtNtCs3TuL72Zemk9_11rtc_backend8handlers12current_user9update_me0s_0B9_
FN:175,_RNCNvNtNtCs3TuL72Zemk9_11rtc_backend8handlers12current_user13upload_avatar0B7_
FN:73,_RNCNvNtNtCs3TuL72Zemk9_11rtc_backend8handlers12current_user2me0B7_
FN:96,_RNCNvNtNtCs3TuL72Zemk9_11rtc_backend8handlers12current_user9update_me0B7_
FN:48,_RNCNvXNtNtCs3TuL72Zemk9_11rtc_backend8handlers12current_userNtB4_8AuthUserINtNtCs7F8Uig5qjNI_9axum_core7extract16FromRequestPartsNtB8_8AppStateE18from_request_parts0B8_
FN:171,_RNvNtNtCs3TuL72Zemk9_11rtc_backend8handlers12current_user13upload_avatar
FN:70,_RNvNtNtCs3TuL72Zemk9_11rtc_backend8handlers12current_user2me
FN:92,_RNvNtNtCs3TuL72Zemk9_11rtc_backend8handlers12current_user9update_me
FN:40,_RNvXNtNtCs3TuL72Zemk9_11rtc_backend8handlers12current_userNtB2_8AuthUserINtNtCs7F8Uig5qjNI_9axum_core7extract16FromRequestPartsNtB6_8AppStateE18from_request_parts
FNDA:0,_RNCNCNvNtNtCs3TuL72Zemk9_11rtc_backend8handlers12current_user13upload_avatar00B9_
FNDA:0,_RNCNCNvNtNtCs3TuL72Zemk9_11rtc_backend8handlers12current_user13upload_avatar0s0_0B9_
FNDA:0,_RNCNCNvNtNtCs3TuL72Zemk9_11rtc_backend8handlers12current_user13upload_avatar0s1_0B9_
FNDA:0,_RNCNCNvNtNtCs3TuL72Zemk9_11rtc_backend8handlers12current_user13upload_avatar0s2_0B9_
FNDA:0,_RNCNCNvNtNtCs3TuL72Zemk9_11rtc_backend8handlers12current_user13upload_avatar0s3_0B9_
FNDA:0,_RNCNCNvNtNtCs3TuL72Zemk9_11rtc_backend8handlers12current_user13upload_avatar0s4_0B9_
FNDA:2,_RNCNCNvNtNtCs3TuL72Zemk9_11rtc_backend8handlers12current_user13upload_avatar0s_0B9_
FNDA:0,_RNCNCNvNtNtCs3TuL72Zemk9_11rtc_backend8handlers12current_user2me00B9_
FNDA:2,_RNCNCNvNtNtCs3TuL72Zemk9_11rtc_backend8handlers12current_user9update_me00B9_
FNDA:1,_RNCNCNvNtNtCs3TuL72Zemk9_11rtc_backend8handlers12current_user9update_me0s0_0B9_
FNDA:1,_RNCNCNvNtNtCs3TuL72Zemk9_11rtc_backend8handlers12current_user9update_me0s1_0B9_
FNDA:0,_RNCNCNvNtNtCs3TuL72Zemk9_11rtc_backend8handlers12current_user9update_me0s2_0B9_
FNDA:1,_RNCNCNvNtNtCs3TuL72Zemk9_11rtc_backend8handlers12current_user9update_me0s3_0B9_
FNDA:1,_RNCNCNvNtNtCs3TuL72Zemk9_11rtc_backend8handlers12current_user9update_me0s_0B9_
FNDA:2,_RNCNvNtNtCs3TuL72Zemk9_11rtc_backend8handlers12current_user13upload_avatar0B7_
FNDA:14,_RNCNvNtNtCs3TuL72Zemk9_11rtc_backend8handlers12current_user2me0B7_
FNDA:4,_RNCNvNtNtCs3TuL72Zemk9_11rtc_backend8handlers12current_user9update_me0B7_
FNDA:76,_RNCNvXNtNtCs3TuL72Zemk9_11rtc_backend8handlers12current_userNtB4_8AuthUserINtNtCs7F8Uig5qjNI_9axum_core7extract16FromRequestPartsNtB8_8AppStateE18from_request_parts0B8_
FNDA:2,_RNvNtNtCs3TuL72Zemk9_11rtc_backend8handlers12current_user13upload_avatar
FNDA:14,_RNvNtNtCs3TuL72Zemk9_11rtc_backend8handlers12current_user2me
FNDA:4,_RNvNtNtCs3TuL72Zemk9_11rtc_backend8handlers12current_user9update_me
FNDA:76,_RNvXNtNtCs3TuL72Zemk9_11rtc_backend8handlers12current_userNtB2_8AuthUserINtNtCs7F8Uig5qjNI_9axum_core7extract16FromRequestPartsNtB6_8AppStateE18from_request_parts
FNF:22
FNH:14
DA:40,76
DA:41,76
DA:42,76
DA:43,76
DA:44,76
DA:45,76
DA:46,76
DA:48,76
DA:49,76
DA:50,76
DA:51,76
DA:52,76
DA:54,76
DA:56,76
DA:57,76
DA:58,76
DA:60,76
DA:61,76
DA:63,76
DA:65,76
DA:66,76
DA:67,76
DA:70,14
DA:71,14
DA:72,14
DA:73,14
DA:74,14
DA:75,14
DA:76,14
DA:77,14
DA:79,14
DA:80,14
DA:82,14
DA:83,14
DA:84,14
DA:85,14
DA:86,14
DA:87,14
DA:88,14
DA:89,14
DA:90,14
DA:92,4
DA:93,4
DA:94,4
DA:95,4
DA:96,4
DA:97,4
DA:98,4
DA:99,4
DA:100,4
DA:101,4
DA:102,4
DA:103,4
DA:104,4
DA:105,4
DA:106,4
DA:107,4
DA:108,4
DA:109,4
DA:110,4
DA:111,4
DA:112,4
DA:113,4
DA:114,1
DA:115,1
DA:116,0
DA:118,1
DA:120,1
DA:122,4
DA:123,4
DA:124,2
DA:125,1
DA:126,1
DA:127,1
DA:128,1
DA:129,2
DA:131,3
DA:132,1
DA:133,1
DA:134,1
DA:135,1
DA:137,1
DA:138,2
DA:140,2
DA:141,2
DA:142,2
DA:143,2
DA:145,2
DA:146,2
DA:147,2
DA:148,2
DA:149,2
DA:150,2
DA:151,2
DA:152,2
DA:154,2
DA:156,1
DA:158,0
DA:159,1
DA:161,1
DA:162,1
DA:163,1
DA:164,1
DA:165,1
DA:166,1
DA:167,1
DA:168,1
DA:169,4
DA:171,2
DA:172,2
DA:173,2
DA:174,2
DA:175,2
DA:176,2
DA:178,2
DA:179,2
DA:180,2
DA:181,2
DA:183,2
DA:184,0
DA:185,2
DA:186,2
DA:187,2
DA:188,2
DA:189,2
DA:190,2
DA:191,1
DA:192,1
DA:193,1
DA:194,0
DA:195,1
DA:196,0
DA:197,1
DA:198,0
DA:199,1
DA:200,1
DA:202,0
DA:203,0
DA:204,0
DA:207,1
DA:208,1
DA:209,1
DA:210,1
DA:211,1
DA:212,0
DA:213,1
DA:214,1
DA:215,0
DA:216,1
DA:217,1
DA:218,1
DA:221,1
DA:222,1
DA:223,1
DA:224,1
DA:225,1
DA:226,1
DA:228,1
DA:229,1
DA:230,1
DA:231,1
DA:232,1
DA:233,1
DA:235,1
DA:237,1
DA:238,1
DA:239,1
DA:240,1
DA:241,1
DA:242,1
DA:243,1
DA:244,1
DA:245,1
DA:246,1
DA:247,1
DA:248,1
DA:249,0
DA:251,1
DA:252,1
DA:253,1
DA:254,1
DA:255,1
DA:256,1
DA:257,1
DA:258,1
DA:259,2
BRF:0
BRH:0
LF:203
LH:183
end_of_record
SF:/home/anatoliy/Documents/T-DEV-600-REN_13/backend/rtc_backend/src/handlers/messages.rs
FN:288,_RNvNtNtCs3TuL72Zemk9_11rtc_backend8handlers8messages11pin_message
FN:189,_RNvNtNtCs3TuL72Zemk9_11rtc_backend8handlers8messages12edit_message
FN:72,_RNvNtNtCs3TuL72Zemk9_11rtc_backend8handlers8messages12send_message
FN:405,_RNvNtNtCs3TuL72Zemk9_11rtc_backend8handlers8messages13ensure_member
FN:417,_RNvNtNtCs3TuL72Zemk9_11rtc_backend8handlers8messages13get_user_role
FN:306,_RNvNtNtCs3TuL72Zemk9_11rtc_backend8handlers8messages13unpin_message
FN:239,_RNvNtNtCs3TuL72Zemk9_11rtc_backend8handlers8messages14delete_message
FN:24,_RNvNtNtCs3TuL72Zemk9_11rtc_backend8handlers8messages21channel_scoped_routes
FN:162,_RNvNtNtCs3TuL72Zemk9_11rtc_backend8handlers8messages21list_channel_messages
FN:432,_RNvNtNtCs3TuL72Zemk9_11rtc_backend8handlers8messages22ensure_can_pin_message
FN:324,_RNvNtNtCs3TuL72Zemk9_11rtc_backend8handlers8messages22list_message_reactions
FN:487,_RNvNtNtCs3TuL72Zemk9_11rtc_backend8handlers8messages23extract_mention_handles
FN:513,_RNvNtNtCs3TuL72Zemk9_11rtc_backend8handlers8messages23resolve_mentioned_users
FN:352,_RNvNtNtCs3TuL72Zemk9_11rtc_backend8handlers8messages23toggle_message_reaction
FN:466,_RNvNtNtCs3TuL72Zemk9_11rtc_backend8handlers8messages30build_message_reaction_summary
FN:459,_RNvNtNtCs3TuL72Zemk9_11rtc_backend8handlers8messages31map_diesel_notfound_to_notfound
FN:29,_RNvNtNtCs3TuL72Zemk9_11rtc_backend8handlers8messages6routes
FN:296,_RNCNCNvNtNtCs3TuL72Zemk9_11rtc_backend8handlers8messages11pin_message00B9_
FN:206,_RNCNCNvNtNtCs3TuL72Zemk9_11rtc_backend8handlers8messages12edit_message00B9_
FN:98,_RNCNCNvNtNtCs3TuL72Zemk9_11rtc_backend8handlers8messages12send_message00B9_
FN:134,_RNCNCNvNtNtCs3TuL72Zemk9_11rtc_backend8handlers8messages12send_message0s_0B9_
FN:314,_RNCNCNvNtNtCs3TuL72Zemk9_11rtc_backend8handlers8messages13unpin_message00B9_
FN:247,_RNCNCNvNtNtCs3TuL72Zemk9_11rtc_backend8handlers8messages14delete_message00B9_
FN:170,_RNCNCNvNtNtCs3TuL72Zemk9_11rtc_backend8handlers8messages21list_channel_messages00B9_
FN:332,_RNCNCNvNtNtCs3TuL72Zemk9_11rtc_backend8handlers8messages22list_message_reactions00B9_
FN:369,_RNCNCNvNtNtCs3TuL72Zemk9_11rtc_backend8handlers8messages23toggle_message_reaction00B9_
FN:292,_RNCNvNtNtCs3TuL72Zemk9_11rtc_backend8handlers8messages11pin_message0B7_
FN:194,_RNCNvNtNtCs3TuL72Zemk9_11rtc_backend8handlers8messages12edit_message0B7_
FN:77,_RNCNvNtNtCs3TuL72Zemk9_11rtc_backend8handlers8messages12send_message0B7_
FN:310,_RNCNvNtNtCs3TuL72Zemk9_11rtc_backend8handlers8messages13unpin_message0B7_
FN:243,_RNCNvNtNtCs3TuL72Zemk9_11rtc_backend8handlers8messages14delete_message0B7_
FN:166,_RNCNvNtNtCs3TuL72Zemk9_11rtc_backend8handlers8messages21list_channel_messages0B7_
FN:328,_RNCNvNtNtCs3TuL72Zemk9_11rtc_backend8handlers8messages22list_message_reactions0B7_
FN:495,_RNCNvNtNtCs3TuL72Zemk9_11rtc_backend8handlers8messages23extract_mention_handles0B7_
FN:502,_RNCNvNtNtCs3TuL72Zemk9_11rtc_backend8handlers8messages23extract_mention_handless_0B7_
FN:357,_RNCNvNtNtCs3TuL72Zemk9_11rtc_backend8handlers8messages23toggle_message_reaction0B7_
FN:480,_RNCNvNtNtCs3TuL72Zemk9_11rtc_backend8handlers8messages30build_message_reaction_summary0B7_
FN:460,_RNCNvNtNtCs3TuL72Zemk9_11rtc_backend8handlers8messages31map_diesel_notfound_to_notfound0B7_
FNDA:1,_RNvNtNtCs3TuL72Zemk9_11rtc_backend8handlers8messages11pin_message
FNDA:2,_RNvNtNtCs3TuL72Zemk9_11rtc_backend8handlers8messages12edit_message
FNDA:7,_RNvNtNtCs3TuL72Zemk9_11rtc_backend8handlers8messages12send_message
FNDA:14,_RNvNtNtCs3TuL72Zemk9_11rtc_backend8handlers8messages13ensure_member
FNDA:4,_RNvNtNtCs3TuL72Zemk9_11rtc_backend8handlers8messages13get_user_role
FNDA:1,_RNvNtNtCs3TuL72Zemk9_11rtc_backend8handlers8messages13unpin_message
FNDA:2,_RNvNtNtCs3TuL72Zemk9_11rtc_backend8handlers8messages14delete_message
FNDA:9,_RNvNtNtCs3TuL72Zemk9_11rtc_backend8handlers8messages21channel_scoped_routes
FNDA:2,_RNvNtNtCs3TuL72Zemk9_11rtc_backend8handlers8messages21list_channel_messages
FNDA:2,_RNvNtNtCs3TuL72Zemk9_11rtc_backend8handlers8messages22ensure_can_pin_message
FNDA:0,_RNvNtNtCs3TuL72Zemk9_11rtc_backend8handlers8messages22list_message_reactions
FNDA:6,_RNvNtNtCs3TuL72Zemk9_11rtc_backend8handlers8messages23extract_mention_handles
FNDA:6,_RNvNtNtCs3TuL72Zemk9_11rtc_backend8handlers8messages23resolve_mentioned_users
FNDA:2,_RNvNtNtCs3TuL72Zemk9_11rtc_backend8handlers8messages23toggle_message_reaction
FNDA:2,_RNvNtNtCs3TuL72Zemk9_11rtc_backend8handlers8messages30build_message_reaction_summary
FNDA:29,_RNvNtNtCs3TuL72Zemk9_11rtc_backend8handlers8messages31map_diesel_notfound_to_notfound
FNDA:9,_RNvNtNtCs3TuL72Zemk9_11rtc_backend8handlers8messages6routes
FNDA:0,_RNCNCNvNtNtCs3TuL72Zemk9_11rtc_backend8handlers8messages11pin_message00B9_
FNDA:0,_RNCNCNvNtNtCs3TuL72Zemk9_11rtc_backend8handlers8messages12edit_message00B9_
FNDA:0,_RNCNCNvNtNtCs3TuL72Zemk9_11rtc_backend8handlers8messages12send_message00B9_
FNDA:3,_RNCNCNvNtNtCs3TuL72Zemk9_11rtc_backend8handlers8messages12send_message0s_0B9_
FNDA:0,_RNCNCNvNtNtCs3TuL72Zemk9_11rtc_backend8handlers8messages13unpin_message00B9_
FNDA:0,_RNCNCNvNtNtCs3TuL72Zemk9_11rtc_backend8handlers8messages14delete_message00B9_
FNDA:0,_RNCNCNvNtNtCs3TuL72Zemk9_11rtc_backend8handlers8messages21list_channel_messages00B9_
FNDA:0,_RNCNCNvNtNtCs3TuL72Zemk9_11rtc_backend8handlers8messages22list_message_reactions00B9_
FNDA:0,_RNCNCNvNtNtCs3TuL72Zemk9_11rtc_backend8handlers8messages23toggle_message_reaction00B9_
FNDA:1,_RNCNvNtNtCs3TuL72Zemk9_11rtc_backend8handlers8messages11pin_message0B7_
FNDA:2,_RNCNvNtNtCs3TuL72Zemk9_11rtc_backend8handlers8messages12edit_message0B7_
FNDA:7,_RNCNvNtNtCs3TuL72Zemk9_11rtc_backend8handlers8messages12send_message0B7_
FNDA:1,_RNCNvNtNtCs3TuL72Zemk9_11rtc_backend8handlers8messages13unpin_message0B7_
FNDA:2,_RNCNvNtNtCs3TuL72Zemk9_11rtc_backend8handlers8messages14delete_message0B7_
FNDA:2,_RNCNvNtNtCs3TuL72Zemk9_11rtc_backend8handlers8messages21list_channel_messages0B7_
FNDA:0,_RNCNvNtNtCs3TuL72Zemk9_11rtc_backend8handlers8messages22list_message_reactions0B7_
FNDA:0,_RNCNvNtNtCs3TuL72Zemk9_11rtc_backend8handlers8messages23extract_mention_handles0B7_
FNDA:0,_RNCNvNtNtCs3TuL72Zemk9_11rtc_backend8handlers8messages23extract_mention_handless_0B7_
FNDA:2,_RNCNvNtNtCs3TuL72Zemk9_11rtc_backend8handlers8messages23toggle_message_reaction0B7_
FNDA:1,_RNCNvNtNtCs3TuL72Zemk9_11rtc_backend8handlers8messages30build_message_reaction_summary0B7_
FNDA:0,_RNCNvNtNtCs3TuL72Zemk9_11rtc_backend8handlers8messages31map_diesel_notfound_to_notfound0B7_
FNF:38
FNH:25
DA:24,9
DA:25,9
DA:26,9
DA:27,9
DA:29,9
DA:30,9
DA:31,9
DA:32,9
DA:33,9
DA:34,9
DA:35,9
DA:36,9
DA:38,9
DA:72,7
DA:73,7
DA:74,7
DA:75,7
DA:76,7
DA:77,7
DA:78,7
DA:80,7
DA:81,0
DA:82,7
DA:84,7
DA:86,7
DA:87,0
DA:88,0
DA:89,0
DA:90,0
DA:91,7
DA:92,0
DA:93,7
DA:95,7
DA:96,7
DA:97,7
DA:98,7
DA:100,7
DA:101,7
DA:103,7
DA:104,5
DA:105,5
DA:106,5
DA:107,0
DA:109,5
DA:112,5
DA:113,5
DA:114,5
DA:115,5
DA:116,5
DA:117,5
DA:118,0
DA:120,5
DA:121,5
DA:122,5
DA:123,5
DA:124,5
DA:125,5
DA:126,5
DA:127,5
DA:129,5
DA:132,2
DA:133,2
DA:134,3
DA:135,2
DA:136,2
DA:137,2
DA:138,2
DA:139,0
DA:140,2
DA:141,1
DA:142,1
DA:143,1
DA:144,1
DA:145,0
DA:146,1
DA:147,1
DA:148,1
DA:149,1
DA:150,1
DA:151,1
DA:152,1
DA:153,1
DA:154,1
DA:155,1
DA:157,1
DA:160,7
DA:162,2
DA:163,2
DA:164,2
DA:165,2
DA:166,2
DA:167,2
DA:168,2
DA:169,2
DA:170,2
DA:171,2
DA:172,2
DA:174,2
DA:175,1
DA:177,1
DA:180,2
DA:181,2
DA:183,2
DA:184,2
DA:186,2
DA:187,2
DA:189,2
DA:190,2
DA:191,2
DA:192,2
DA:193,2
DA:194,2
DA:195,2
DA:196,2
DA:197,0
DA:198,2
DA:199,2
DA:200,0
DA:201,2
DA:203,2
DA:204,2
DA:205,2
DA:206,2
DA:208,2
DA:209,2
DA:211,2
DA:212,2
DA:214,2
DA:215,2
DA:217,0
DA:220,2
DA:221,1
DA:222,1
DA:224,1
DA:225,1
DA:227,0
DA:230,1
DA:231,1
DA:232,1
DA:233,1
DA:234,1
DA:235,0
DA:236,1
DA:237,2
DA:239,2
DA:240,2
DA:241,2
DA:242,2
DA:243,2
DA:244,2
DA:245,2
DA:246,2
DA:247,2
DA:248,2
DA:249,2
DA:251,2
DA:252,2
DA:253,2
DA:254,2
DA:255,2
DA:257,0
DA:258,0
DA:261,2
DA:262,1
DA:263,1
DA:264,1
DA:265,1
DA:267,1
DA:268,1
DA:269,0
DA:270,1
DA:271,1
DA:272,0
DA:273,0
DA:274,0
DA:276,1
DA:278,1
DA:279,1
DA:280,1
DA:281,1
DA:282,1
DA:283,1
DA:284,1
DA:285,1
DA:286,2
DA:288,1
DA:289,1
DA:290,1
DA:291,1
DA:292,1
DA:293,1
DA:294,1
DA:295,1
DA:296,1
DA:297,1
DA:298,1
DA:300,1
DA:302,1
DA:303,1
DA:304,1
DA:306,1
DA:307,1
DA:308,1
DA:309,1
DA:310,1
DA:311,1
DA:312,1
DA:313,1
DA:314,1
DA:315,1
DA:316,1
DA:318,1
DA:320,1
DA:321,1
DA:322,1
DA:324,0
DA:325,0
DA:326,0
DA:327,0
DA:328,0
DA:329,0
DA:330,0
DA:331,0
DA:332,0
DA:333,0
DA:334,0
DA:336,0
DA:337,0
DA:338,0
DA:340,0
DA:341,0
DA:342,0
DA:343,0
DA:345,0
DA:348,0
DA:349,0
DA:350,0
DA:352,2
DA:353,2
DA:354,2
DA:355,2
DA:356,2
DA:357,2
DA:358,2
DA:359,2
DA:360,0
DA:361,2
DA:362,2
DA:363,0
DA:364,2
DA:366,2
DA:367,2
DA:368,2
DA:369,2
DA:370,2
DA:371,2
DA:373,2
DA:374,0
DA:375,2
DA:377,2
DA:378,2
DA:379,2
DA:380,2
DA:382,0
DA:386,2
DA:387,2
DA:388,2
DA:389,0
DA:390,0
DA:391,0
DA:393,2
DA:395,2
DA:396,2
DA:397,2
DA:398,2
DA:399,2
DA:400,2
DA:402,2
DA:403,2
DA:405,14
DA:406,14
DA:407,14
DA:408,14
DA:409,14
DA:410,14
DA:411,14
DA:412,0
DA:413,14
DA:414,14
DA:415,14
DA:417,4
DA:418,4
DA:419,4
DA:420,4
DA:421,4
DA:422,4
DA:423,4
DA:425,4
DA:426,3
DA:427,0
DA:428,1
DA:430,4
DA:432,2
DA:433,2
DA:434,2
DA:435,2
DA:436,2
DA:437,2
DA:438,0
DA:439,2
DA:441,2
DA:442,2
DA:444,2
DA:445,2
DA:446,2
DA:447,2
DA:448,0
DA:449,0
DA:450,0
DA:451,2
DA:453,0
DA:456,2
DA:457,2
DA:459,29
DA:460,0
DA:461,0
DA:462,0
DA:463,0
DA:464,29
DA:466,2
DA:467,2
DA:468,2
DA:469,2
DA:470,2
DA:471,2
DA:472,2
DA:473,2
DA:474,2
DA:475,2
DA:477,2
DA:478,2
DA:479,2
DA:480,1
DA:481,1
DA:482,1
DA:483,1
DA:484,2
DA:485,2
DA:487,6
DA:488,6
DA:489,6
DA:490,16
DA:491,16
DA:492,16
DA:494,0
DA:495,0
DA:496,0
DA:497,0
DA:498,0
DA:499,0
DA:500,0
DA:501,0
DA:502,0
DA:504,0
DA:505,0
DA:506,0
DA:507,0
DA:508,0
DA:510,6
DA:511,6
DA:513,6
DA:514,6
DA:515,6
DA:516,6
DA:517,6
DA:518,6
DA:519,6
DA:520,6
DA:521,0
DA:523,0
DA:524,0
DA:525,0
DA:527,0
DA:528,0
DA:529,0
DA:530,0
DA:531,0
DA:532,0
DA:533,0
DA:534,0
DA:537,0
DA:538,0
DA:539,0
DA:540,0
DA:541,0
DA:543,0
DA:544,0
DA:545,0
DA:547,0
DA:548,6
BRF:0
BRH:0
LF:419
LH:312
end_of_record
SF:/home/anatoliy/Documents/T-DEV-600-REN_13/backend/rtc_backend/src/handlers/servers.rs
FN:414,_RNvNtNtCs3TuL72Zemk9_11rtc_backend8handlers7servers10ban_member
FN:173,_RNvNtNtCs3TuL72Zemk9_11rtc_backend8handlers7servers10get_server
FN:233,_RNvNtNtCs3TuL72Zemk9_11rtc_backend8handlers7servers11join_server
FN:401,_RNvNtNtCs3TuL72Zemk9_11rtc_backend8handlers7servers11kick_member
FN:278,_RNvNtNtCs3TuL72Zemk9_11rtc_backend8handlers7servers12leave_server
FN:292,_RNvNtNtCs3TuL72Zemk9_11rtc_backend8handlers7servers12list_members
FN:160,_RNvNtNtCs3TuL72Zemk9_11rtc_backend8handlers7servers12list_servers
FN:444,_RNvNtNtCs3TuL72Zemk9_11rtc_backend8handlers7servers12unban_member
FN:353,_RNvNtNtCs3TuL72Zemk9_11rtc_backend8handlers7servers13create_invite
FN:121,_RNvNtNtCs3TuL72Zemk9_11rtc_backend8handlers7servers13create_server
FN:219,_RNvNtNtCs3TuL72Zemk9_11rtc_backend8handlers7servers13delete_server
FN:187,_RNvNtNtCs3TuL72Zemk9_11rtc_backend8handlers7servers13update_server
FN:386,_RNvNtNtCs3TuL72Zemk9_11rtc_backend8handlers7servers18transfer_ownership
FN:338,_RNvNtNtCs3TuL72Zemk9_11rtc_backend8handlers7servers18update_member_role
FN:259,_RNvNtNtCs3TuL72Zemk9_11rtc_backend8handlers7servers19join_server_by_code
FN:94,_RNvNtNtCs3TuL72Zemk9_11rtc_backend8handlers7servers6routes
FN:457,_RNvNtNtCs3TuL72Zemk9_11rtc_backend8handlers7servers9list_bans
FN:485,_RNCNCNCNvNtNtCs3TuL72Zemk9_11rtc_backend8handlers7servers9list_bans0s0_00Bb_
FN:487,_RNCNCNCNvNtNtCs3TuL72Zemk9_11rtc_backend8handlers7servers9list_bans0s0_0s0_0Bb_
FN:488,_RNCNCNCNvNtNtCs3TuL72Zemk9_11rtc_backend8handlers7servers9list_bans0s0_0s1_0Bb_
FN:486,_RNCNCNCNvNtNtCs3TuL72Zemk9_11rtc_backend8handlers7servers9list_bans0s0_0s_0Bb_
FN:423,_RNCNCNvNtNtCs3TuL72Zemk9_11rtc_backend8handlers7servers10ban_member00B9_
FN:181,_RNCNCNvNtNtCs3TuL72Zemk9_11rtc_backend8handlers7servers10get_server00B9_
FN:247,_RNCNCNvNtNtCs3TuL72Zemk9_11rtc_backend8handlers7servers11join_server00B9_
FN:409,_RNCNCNvNtNtCs3TuL72Zemk9_11rtc_backend8handlers7servers11kick_member00B9_
FN:286,_RNCNCNvNtNtCs3TuL72Zemk9_11rtc_backend8handlers7servers12leave_server00B9_
FN:300,_RNCNCNvNtNtCs3TuL72Zemk9_11rtc_backend8handlers7servers12list_members00B9_
FN:312,_RNCNCNvNtNtCs3TuL72Zemk9_11rtc_backend8handlers7servers12list_members0s0_0B9_
FN:167,_RNCNCNvNtNtCs3TuL72Zemk9_11rtc_backend8handlers7servers12list_servers00B9_
FN:452,_RNCNCNvNtNtCs3TuL72Zemk9_11rtc_backend8handlers7servers12unban_member00B9_
FN:362,_RNCNCNvNtNtCs3TuL72Zemk9_11rtc_backend8handlers7servers13create_invite00B9_
FN:137,_RNCNCNvNtNtCs3TuL72Zemk9_11rtc_backend8handlers7servers13create_server00B9_
FN:148,_RNCNCNvNtNtCs3TuL72Zemk9_11rtc_backend8handlers7servers13create_server0s0_0B9_
FN:143,_RNCNCNvNtNtCs3TuL72Zemk9_11rtc_backend8handlers7servers13create_server0s_0B9_
FN:227,_RNCNCNvNtNtCs3TuL72Zemk9_11rtc_backend8handlers7servers13delete_server00B9_
FN:206,_RNCNCNvNtNtCs3TuL72Zemk9_11rtc_backend8handlers7servers13update_server00B9_
FN:213,_RNCNCNvNtNtCs3TuL72Zemk9_11rtc_backend8handlers7servers13update_server0s_0B9_
FN:395,_RNCNCNvNtNtCs3TuL72Zemk9_11rtc_backend8handlers7servers18transfer_ownership00B9_
FN:347,_RNCNCNvNtNtCs3TuL72Zemk9_11rtc_backend8handlers7servers18update_member_role00B9_
FN:272,_RNCNCNvNtNtCs3TuL72Zemk9_11rtc_backend8handlers7servers19join_server_by_code00B9_
FN:465,_RNCNCNvNtNtCs3TuL72Zemk9_11rtc_backend8handlers7servers9list_bans00B9_
FN:476,_RNCNCNvNtNtCs3TuL72Zemk9_11rtc_backend8handlers7servers9list_bans0s0_0B9_
FN:419,_RNCNvNtNtCs3TuL72Zemk9_11rtc_backend8handlers7servers10ban_member0B7_
FN:177,_RNCNvNtNtCs3TuL72Zemk9_11rtc_backend8handlers7servers10get_server0B7_
FN:238,_RNCNvNtNtCs3TuL72Zemk9_11rtc_backend8handlers7servers11join_server0B7_
FN:405,_RNCNvNtNtCs3TuL72Zemk9_11rtc_backend8handlers7servers11kick_member0B7_
FN:282,_RNCNvNtNtCs3TuL72Zemk9_11rtc_backend8handlers7servers12leave_server0B7_
FN:296,_RNCNvNtNtCs3TuL72Zemk9_11rtc_backend8handlers7servers12list_members0B7_
FN:163,_RNCNvNtNtCs3TuL72Zemk9_11rtc_backend8handlers7servers12list_servers0B7_
FN:448,_RNCNvNtNtCs3TuL72Zemk9_11rtc_backend8handlers7servers12unban_member0B7_
FN:358,_RNCNvNtNtCs3TuL72Zemk9_11rtc_backend8handlers7servers13create_invite0B7_
FN:125,_RNCNvNtNtCs3TuL72Zemk9_11rtc_backend8handlers7servers13create_server0B7_
FN:223,_RNCNvNtNtCs3TuL72Zemk9_11rtc_backend8handlers7servers13delete_server0B7_
FN:192,_RNCNvNtNtCs3TuL72Zemk9_11rtc_backend8handlers7servers13update_server0B7_
FN:391,_RNCNvNtNtCs3TuL72Zemk9_11rtc_backend8handlers7servers18transfer_ownership0B7_
FN:343,_RNCNvNtNtCs3TuL72Zemk9_11rtc_backend8handlers7servers18update_member_role0B7_
FN:263,_RNCNvNtNtCs3TuL72Zemk9_11rtc_backend8handlers7servers19join_server_by_code0B7_
FN:461,_RNCNvNtNtCs3TuL72Zemk9_11rtc_backend8handlers7servers9list_bans0B7_
FNDA:1,_RNvNtNtCs3TuL72Zemk9_11rtc_backend8handlers7servers10ban_member
FNDA:0,_RNvNtNtCs3TuL72Zemk9_11rtc_backend8handlers7servers10get_server
FNDA:0,_RNvNtNtCs3TuL72Zemk9_11rtc_backend8handlers7servers11join_server
FNDA:1,_RNvNtNtCs3TuL72Zemk9_11rtc_backend8handlers7servers11kick_member
FNDA:1,_RNvNtNtCs3TuL72Zemk9_11rtc_backend8handlers7servers12leave_server
FNDA:0,_RNvNtNtCs3TuL72Zemk9_11rtc_backend8handlers7servers12list_members
FNDA:0,_RNvNtNtCs3TuL72Zemk9_11rtc_backend8handlers7servers12list_servers
FNDA:1,_RNvNtNtCs3TuL72Zemk9_11rtc_backend8handlers7servers12unban_member
FNDA:2,_RNvNtNtCs3TuL72Zemk9_11rtc_backend8handlers7servers13create_invite
FNDA:6,_RNvNtNtCs3TuL72Zemk9_11rtc_backend8handlers7servers13create_server
FNDA:0,_RNvNtNtCs3TuL72Zemk9_11rtc_backend8handlers7servers13delete_server
FNDA:0,_RNvNtNtCs3TuL72Zemk9_11rtc_backend8handlers7servers13update_server
FNDA:0,_RNvNtNtCs3TuL72Zemk9_11rtc_backend8handlers7servers18transfer_ownership
FNDA:2,_RNvNtNtCs3TuL72Zemk9_11rtc_backend8handlers7servers18update_member_role
FNDA:6,_RNvNtNtCs3TuL72Zemk9_11rtc_backend8handlers7servers19join_server_by_code
FNDA:9,_RNvNtNtCs3TuL72Zemk9_11rtc_backend8handlers7servers6routes
FNDA:1,_RNvNtNtCs3TuL72Zemk9_11rtc_backend8handlers7servers9list_bans
FNDA:1,_RNCNCNCNvNtNtCs3TuL72Zemk9_11rtc_backend8handlers7servers9list_bans0s0_00Bb_
FNDA:1,_RNCNCNCNvNtNtCs3TuL72Zemk9_11rtc_backend8handlers7servers9list_bans0s0_0s0_0Bb_
FNDA:1,_RNCNCNCNvNtNtCs3TuL72Zemk9_11rtc_backend8handlers7servers9list_bans0s0_0s1_0Bb_
FNDA:1,_RNCNCNCNvNtNtCs3TuL72Zemk9_11rtc_backend8handlers7servers9list_bans0s0_0s_0Bb_
FNDA:0,_RNCNCNvNtNtCs3TuL72Zemk9_11rtc_backend8handlers7servers10ban_member00B9_
FNDA:0,_RNCNCNvNtNtCs3TuL72Zemk9_11rtc_backend8handlers7servers10get_server00B9_
FNDA:0,_RNCNCNvNtNtCs3TuL72Zemk9_11rtc_backend8handlers7servers11join_server00B9_
FNDA:0,_RNCNCNvNtNtCs3TuL72Zemk9_11rtc_backend8handlers7servers11kick_member00B9_
FNDA:0,_RNCNCNvNtNtCs3TuL72Zemk9_11rtc_backend8handlers7servers12leave_server00B9_
FNDA:0,_RNCNCNvNtNtCs3TuL72Zemk9_11rtc_backend8handlers7servers12list_members00B9_
FNDA:0,_RNCNCNvNtNtCs3TuL72Zemk9_11rtc_backend8handlers7servers12list_members0s0_0B9_
FNDA:0,_RNCNCNvNtNtCs3TuL72Zemk9_11rtc_backend8handlers7servers12list_servers00B9_
FNDA:0,_RNCNCNvNtNtCs3TuL72Zemk9_11rtc_backend8handlers7servers12unban_member00B9_
FNDA:0,_RNCNCNvNtNtCs3TuL72Zemk9_11rtc_backend8handlers7servers13create_invite00B9_
FNDA:0,_RNCNCNvNtNtCs3TuL72Zemk9_11rtc_backend8handlers7servers13create_server00B9_
FNDA:0,_RNCNCNvNtNtCs3TuL72Zemk9_11rtc_backend8handlers7servers13create_server0s0_0B9_
FNDA:0,_RNCNCNvNtNtCs3TuL72Zemk9_11rtc_backend8handlers7servers13create_server0s_0B9_
FNDA:0,_RNCNCNvNtNtCs3TuL72Zemk9_11rtc_backend8handlers7servers13delete_server00B9_
FNDA:0,_RNCNCNvNtNtCs3TuL72Zemk9_11rtc_backend8handlers7servers13update_server00B9_
FNDA:0,_RNCNCNvNtNtCs3TuL72Zemk9_11rtc_backend8handlers7servers13update_server0s_0B9_
FNDA:0,_RNCNCNvNtNtCs3TuL72Zemk9_11rtc_backend8handlers7servers18transfer_ownership00B9_
FNDA:0,_RNCNCNvNtNtCs3TuL72Zemk9_11rtc_backend8handlers7servers18update_member_role00B9_
FNDA:0,_RNCNCNvNtNtCs3TuL72Zemk9_11rtc_backend8handlers7servers19join_server_by_code00B9_
FNDA:0,_RNCNCNvNtNtCs3TuL72Zemk9_11rtc_backend8handlers7servers9list_bans00B9_
FNDA:1,_RNCNCNvNtNtCs3TuL72Zemk9_11rtc_backend8handlers7servers9list_bans0s0_0B9_
FNDA:1,_RNCNvNtNtCs3TuL72Zemk9_11rtc_backend8handlers7servers10ban_member0B7_
FNDA:0,_RNCNvNtNtCs3TuL72Zemk9_11rtc_backend8handlers7servers10get_server0B7_
FNDA:0,_RNCNvNtNtCs3TuL72Zemk9_11rtc_backend8handlers7servers11join_server0B7_
FNDA:1,_RNCNvNtNtCs3TuL72Zemk9_11rtc_backend8handlers7servers11kick_member0B7_
FNDA:1,_RNCNvNtNtCs3TuL72Zemk9_11rtc_backend8handlers7servers12leave_server0B7_
FNDA:0,_RNCNvNtNtCs3TuL72Zemk9_11rtc_backend8handlers7servers12list_members0B7_
FNDA:0,_RNCNvNtNtCs3TuL72Zemk9_11rtc_backend8handlers7servers12list_servers0B7_
FNDA:1,_RNCNvNtNtCs3TuL72Zemk9_11rtc_backend8handlers7servers12unban_member0B7_
FNDA:2,_RNCNvNtNtCs3TuL72Zemk9_11rtc_backend8handlers7servers13create_invite0B7_
FNDA:6,_RNCNvNtNtCs3TuL72Zemk9_11rtc_backend8handlers7servers13create_server0B7_
FNDA:0,_RNCNvNtNtCs3TuL72Zemk9_11rtc_backend8handlers7servers13delete_server0B7_
FNDA:0,_RNCNvNtNtCs3TuL72Zemk9_11rtc_backend8handlers7servers13update_server0B7_
FNDA:0,_RNCNvNtNtCs3TuL72Zemk9_11rtc_backend8handlers7servers18transfer_ownership0B7_
FNDA:2,_RNCNvNtNtCs3TuL72Zemk9_11rtc_backend8handlers7servers18update_member_role0B7_
FNDA:6,_RNCNvNtNtCs3TuL72Zemk9_11rtc_backend8handlers7servers19join_server_by_code0B7_
FNDA:1,_RNCNvNtNtCs3TuL72Zemk9_11rtc_backend8handlers7servers9list_bans0B7_
FNF:58
FNH:24
DA:94,9
DA:95,9
DA:97,9
DA:98,9
DA:99,9
DA:100,9
DA:101,9
DA:103,9
DA:104,9
DA:105,9
DA:106,9
DA:107,9
DA:108,9
DA:109,9
DA:111,9
DA:112,9
DA:113,9
DA:114,9
DA:115,9
DA:116,9
DA:117,9
DA:119,9
DA:121,6
DA:122,6
DA:123,6
DA:124,6
DA:125,6
DA:126,6
DA:127,6
DA:128,0
DA:129,6
DA:130,6
DA:131,0
DA:132,6
DA:134,6
DA:135,6
DA:136,6
DA:137,6
DA:139,6
DA:140,6
DA:141,6
DA:142,6
DA:143,6
DA:144,6
DA:145,6
DA:146,6
DA:147,6
DA:148,6
DA:150,6
DA:151,6
DA:152,6
DA:153,6
DA:154,6
DA:155,6
DA:156,0
DA:157,6
DA:158,6
DA:160,0
DA:161,0
DA:162,0
DA:163,0
DA:164,0
DA:165,0
DA:166,0
DA:167,0
DA:169,0
DA:170,0
DA:171,0
DA:173,0
DA:174,0
DA:175,0
DA:176,0
DA:177,0
DA:178,0
DA:179,0
DA:180,0
DA:181,0
DA:183,0
DA:184,0
DA:185,0
DA:187,0
DA:188,0
DA:189,0
DA:190,0
DA:191,0
DA:192,0
DA:193,0
DA:194,0
DA:195,0
DA:196,0
DA:197,0
DA:198,0
DA:199,0
DA:200,0
DA:201,0
DA:203,0
DA:204,0
DA:205,0
DA:206,0
DA:208,0
DA:209,0
DA:210,0
DA:211,0
DA:212,0
DA:213,0
DA:214,0
DA:216,0
DA:217,0
DA:219,0
DA:220,0
DA:221,0
DA:222,0
DA:223,0
DA:224,0
DA:225,0
DA:226,0
DA:227,0
DA:229,0
DA:230,0
DA:231,0
DA:233,0
DA:234,0
DA:235,0
DA:236,0
DA:237,0
DA:238,0
DA:239,0
DA:240,0
DA:241,0
DA:242,0
DA:244,0
DA:245,0
DA:246,0
DA:247,0
DA:249,0
DA:250,0
DA:251,0
DA:252,0
DA:253,0
DA:254,0
DA:256,0
DA:257,0
DA:259,6
DA:260,6
DA:261,6
DA:262,6
DA:263,6
DA:264,6
DA:265,6
DA:266,0
DA:267,6
DA:269,6
DA:270,6
DA:271,6
DA:272,6
DA:274,6
DA:275,4
DA:276,6
DA:278,1
DA:279,1
DA:280,1
DA:281,1
DA:282,1
DA:283,1
DA:284,1
DA:285,1
DA:286,1
DA:288,1
DA:289,0
DA:290,1
DA:292,0
DA:293,0
DA:294,0
DA:295,0
DA:296,0
DA:297,0
DA:298,0
DA:299,0
DA:300,0
DA:302,0
DA:303,0
DA:304,0
DA:305,0
DA:306,0
DA:307,0
DA:308,0
DA:310,0
DA:311,0
DA:312,0
DA:313,0
DA:314,0
DA:315,0
DA:316,0
DA:317,0
DA:318,0
DA:319,0
DA:320,0
DA:321,0
DA:323,0
DA:324,0
DA:325,0
DA:326,0
DA:327,0
DA:328,0
DA:329,0
DA:330,0
DA:332,0
DA:333,0
DA:335,0
DA:336,0
DA:338,2
DA:339,2
DA:340,2
DA:341,2
DA:342,2
DA:343,2
DA:344,2
DA:345,2
DA:346,2
DA:347,2
DA:349,2
DA:350,2
DA:351,2
DA:353,2
DA:354,2
DA:355,2
DA:356,2
DA:357,2
DA:358,2
DA:359,2
DA:360,2
DA:361,2
DA:362,2
DA:364,2
DA:365,2
DA:366,0
DA:367,2
DA:368,0
DA:369,2
DA:370,1
DA:371,0
DA:372,1
DA:373,1
DA:375,2
DA:376,2
DA:377,2
DA:378,2
DA:379,2
DA:380,2
DA:381,1
DA:383,1
DA:384,2
DA:386,0
DA:387,0
DA:388,0
DA:389,0
DA:390,0
DA:391,0
DA:392,0
DA:393,0
DA:394,0
DA:395,0
DA:397,0
DA:398,0
DA:399,0
DA:401,1
DA:402,1
DA:403,1
DA:404,1
DA:405,1
DA:406,1
DA:407,1
DA:408,1
DA:409,1
DA:410,1
DA:411,1
DA:412,1
DA:414,1
DA:415,1
DA:416,1
DA:417,1
DA:418,1
DA:419,1
DA:420,1
DA:421,1
DA:422,1
DA:423,1
DA:425,1
DA:426,1
DA:427,1
DA:428,1
DA:429,1
DA:430,1
DA:431,1
DA:432,0
DA:434,1
DA:435,1
DA:436,1
DA:437,1
DA:438,1
DA:439,1
DA:440,1
DA:441,1
DA:442,1
DA:444,1
DA:445,1
DA:446,1
DA:447,1
DA:448,1
DA:449,1
DA:450,1
DA:451,1
DA:452,1
DA:453,1
DA:454,1
DA:455,1
DA:457,1
DA:458,1
DA:459,1
DA:460,1
DA:461,1
DA:462,1
DA:463,1
DA:464,1
DA:465,1
DA:466,1
DA:467,1
DA:468,1
DA:469,1
DA:470,1
DA:471,1
DA:472,1
DA:474,1
DA:475,1
DA:476,1
DA:477,1
DA:479,1
DA:480,1
DA:481,1
DA:482,1
DA:483,1
DA:484,1
DA:485,1
DA:486,1
DA:487,1
DA:488,1
DA:490,1
DA:491,1
DA:493,1
DA:494,1
BRF:0
BRH:0
LF:391
LH:217
end_of_record
SF:/home/anatoliy/Documents/T-DEV-600-REN_13/backend/rtc_backend/src/handlers/web_socket.rs
FN:26,_RNvNtNtCs3TuL72Zemk9_11rtc_backend8handlers10web_socket10ws_handler
FN:48,_RNvNtNtCs3TuL72Zemk9_11rtc_backend8handlers10web_socket13handle_socket
FN:131,_RNvNtNtCs3TuL72Zemk9_11rtc_backend8handlers10web_socket14should_deliver
FN:212,_RNvNtNtNtCs3TuL72Zemk9_11rtc_backend8handlers10web_socket5testss_35should_deliver_status_inside_server
FN:191,_RNvNtNtNtCs3TuL72Zemk9_11rtc_backend8handlers10web_socket5testss_37should_deliver_presence_inside_server
FN:279,_RNvNtNtNtCs3TuL72Zemk9_11rtc_backend8handlers10web_socket5testss_43should_deliver_dm_events_only_to_dm_members
FN:243,_RNvNtNtNtCs3TuL72Zemk9_11rtc_backend8handlers10web_socket5testss_46should_filter_channel_scoped_events_by_channel
FN:35,_RNCNCNvNtNtCs3TuL72Zemk9_11rtc_backend8handlers10web_socket10ws_handler00B9_
FN:43,_RNCNCNvNtNtCs3TuL72Zemk9_11rtc_backend8handlers10web_socket10ws_handler0s_0B9_
FN:30,_RNCNvNtNtCs3TuL72Zemk9_11rtc_backend8handlers10web_socket10ws_handler0B7_
FN:54,_RNCNvNtNtCs3TuL72Zemk9_11rtc_backend8handlers10web_socket13handle_socket0B7_
FN:157,_RNCNvNtNtCs3TuL72Zemk9_11rtc_backend8handlers10web_socket14should_deliver0B7_
FN:180,_RNCNvNtNtCs3TuL72Zemk9_11rtc_backend8handlers10web_socket14should_delivers0_0B7_
FN:177,_RNCNvNtNtCs3TuL72Zemk9_11rtc_backend8handlers10web_socket14should_delivers_0B7_
FNDA:0,_RNvNtNtCs3TuL72Zemk9_11rtc_backend8handlers10web_socket10ws_handler
FNDA:0,_RNvNtNtCs3TuL72Zemk9_11rtc_backend8handlers10web_socket13handle_socket
FNDA:11,_RNvNtNtCs3TuL72Zemk9_11rtc_backend8handlers10web_socket14should_deliver
FNDA:1,_RNvNtNtNtCs3TuL72Zemk9_11rtc_backend8handlers10web_socket5testss_35should_deliver_status_inside_server
FNDA:1,_RNvNtNtNtCs3TuL72Zemk9_11rtc_backend8handlers10web_socket5testss_37should_deliver_presence_inside_server
FNDA:1,_RNvNtNtNtCs3TuL72Zemk9_11rtc_backend8handlers10web_socket5testss_43should_deliver_dm_events_only_to_dm_members
FNDA:1,_RNvNtNtNtCs3TuL72Zemk9_11rtc_backend8handlers10web_socket5testss_46should_filter_channel_scoped_events_by_channel
FNDA:0,_RNCNCNvNtNtCs3TuL72Zemk9_11rtc_backend8handlers10web_socket10ws_handler00B9_
FNDA:0,_RNCNCNvNtNtCs3TuL72Zemk9_11rtc_backend8handlers10web_socket10ws_handler0s_0B9_
FNDA:0,_RNCNvNtNtCs3TuL72Zemk9_11rtc_backend8handlers10web_socket10ws_handler0B7_
FNDA:0,_RNCNvNtNtCs3TuL72Zemk9_11rtc_backend8handlers10web_socket13handle_socket0B7_
FNDA:1,_RNCNvNtNtCs3TuL72Zemk9_11rtc_backend8handlers10web_socket14should_deliver0B7_
FNDA:4,_RNCNvNtNtCs3TuL72Zemk9_11rtc_backend8handlers10web_socket14should_delivers0_0B7_
FNDA:1,_RNCNvNtNtCs3TuL72Zemk9_11rtc_backend8handlers10web_socket14should_delivers_0B7_
FNF:14
FNH:8
DA:26,0
DA:27,0
DA:28,0
DA:29,0
DA:30,0
DA:31,0
DA:32,0
DA:33,0
DA:34,0
DA:35,0
DA:37,0
DA:38,0
DA:39,0
DA:40,0
DA:42,0
DA:43,0
DA:44,0
DA:45,0
DA:46,0
DA:48,0
DA:49,0
DA:50,0
DA:51,0
DA:52,0
DA:53,0
DA:54,0
DA:55,0
DA:56,0
DA:57,0
DA:58,0
DA:59,0
DA:60,0
DA:61,0
DA:62,0
DA:63,0
DA:64,0
DA:65,0
DA:66,0
DA:69,0
DA:70,0
DA:71,0
DA:72,0
DA:73,0
DA:74,0
DA:75,0
DA:76,0
DA:77,0
DA:78,0
DA:79,0
DA:80,0
DA:81,0
DA:82,0
DA:84,0
DA:85,0
DA:86,0
DA:87,0
DA:88,0
DA:89,0
DA:90,0
DA:91,0
DA:93,0
DA:94,0
DA:95,0
DA:96,0
DA:97,0
DA:98,0
DA:99,0
DA:102,0
DA:104,0
DA:105,0
DA:106,0
DA:109,0
DA:110,0
DA:111,0
DA:112,0
DA:113,0
DA:115,0
DA:116,0
DA:117,0
DA:118,0
DA:123,0
DA:124,0
DA:125,0
DA:126,0
DA:127,0
DA:128,0
DA:129,0
DA:131,11
DA:132,11
DA:133,11
DA:134,11
DA:135,11
DA:136,11
DA:137,11
DA:138,1
DA:139,2
DA:141,2
DA:143,0
DA:144,0
DA:146,0
DA:149,1
DA:150,1
DA:154,0
DA:155,0
DA:157,1
DA:160,4
DA:161,4
DA:162,4
DA:166,0
DA:167,0
DA:168,0
DA:172,2
DA:173,2
DA:174,2
DA:176,6
DA:177,2
DA:178,4
DA:179,4
DA:180,4
DA:181,4
DA:184,11
DA:191,1
DA:192,1
DA:193,1
DA:194,1
DA:196,1
DA:197,1
DA:198,1
DA:199,1
DA:200,1
DA:201,1
DA:202,1
DA:203,1
DA:204,1
DA:205,1
DA:207,1
DA:208,1
DA:209,1
DA:212,1
DA:213,1
DA:214,1
DA:215,1
DA:217,1
DA:218,1
DA:219,1
DA:220,1
DA:221,1
DA:222,1
DA:223,1
DA:224,1
DA:225,1
DA:226,1
DA:228,1
DA:229,1
DA:230,1
DA:231,1
DA:232,1
DA:234,1
DA:235,1
DA:236,1
DA:237,1
DA:238,1
DA:239,1
DA:240,1
DA:243,1
DA:244,1
DA:245,1
DA:246,1
DA:247,1
DA:249,1
DA:250,1
DA:251,1
DA:252,1
DA:253,1
DA:254,1
DA:255,1
DA:256,1
DA:257,1
DA:258,1
DA:259,1
DA:260,1
DA:261,1
DA:263,1
DA:264,1
DA:265,1
DA:266,1
DA:267,1
DA:269,1
DA:270,1
DA:271,1
DA:272,1
DA:273,1
DA:274,1
DA:275,1
DA:276,1
DA:279,1
DA:280,1
DA:281,1
DA:282,1
DA:283,1
DA:285,1
DA:286,1
DA:287,1
DA:288,1
DA:289,1
DA:290,1
DA:291,1
DA:292,1
DA:294,1
DA:295,1
DA:296,1
DA:297,1
DA:298,1
DA:300,1
DA:301,1
DA:302,1
DA:303,1
DA:304,1
DA:305,1
DA:307,1
DA:308,1
DA:309,1
DA:310,1
DA:311,1
DA:312,1
DA:313,1
DA:314,1
DA:315,1
DA:316,1
DA:317,1
DA:319,1
DA:320,1
DA:321,1
DA:322,1
DA:323,1
DA:324,1
DA:325,1
BRF:0
BRH:0
LF:244
LH:145
end_of_record
SF:/home/anatoliy/Documents/T-DEV-600-REN_13/backend/rtc_backend/src/main.rs
FN:77,_RNCNvCs3TuL72Zemk9_11rtc_backend4main0B3_
FN:77,_RNvCs3TuL72Zemk9_11rtc_backend4main
FN:29,_RNCNvCs3TuL72Zemk9_11rtc_backend4data0B3_
FN:186,_RINvNtCs3TuL72Zemk9_11rtc_backend5tests11request_rawNtNtCshQKOepsJxml_5alloc6string6StringEB4_
FN:193,_RNCINvNtCs3TuL72Zemk9_11rtc_backend5tests11request_rawNtNtCshQKOepsJxml_5alloc6string6StringE0B6_
FN:402,_RNCNCNCNvNtCs3TuL72Zemk9_11rtc_backend5testss_25owner_cannot_leave_server000B9_
FN:830,_RNCNCNCNvNtCs3TuL72Zemk9_11rtc_backend5testss_53message_pin_flow_allows_author_and_persists_pin_state0s1_00B9_
FN:159,_RNCNCNvNtCs3TuL72Zemk9_11rtc_backend5tests12request_json00B7_
FN:399,_RNCNCNvNtCs3TuL72Zemk9_11rtc_backend5testss_25owner_cannot_leave_server00B7_
FN:651,_RNCNCNvNtCs3TuL72Zemk9_11rtc_backend5testss_28message_reaction_toggle_flow00B7_
FN:667,_RNCNCNvNtCs3TuL72Zemk9_11rtc_backend5testss_28message_reaction_toggle_flow0s0_0B7_
FN:652,_RNCNCNvNtCs3TuL72Zemk9_11rtc_backend5testss_28message_reaction_toggle_flow0s_0B7_
FN:512,_RNCNCNvNtCs3TuL72Zemk9_11rtc_backend5testss_43roles_channels_and_message_permissions_flow00B7_
FN:562,_RNCNCNvNtCs3TuL72Zemk9_11rtc_backend5testss_43roles_channels_and_message_permissions_flow0s0_0B7_
FN:537,_RNCNCNvNtCs3TuL72Zemk9_11rtc_backend5testss_43roles_channels_and_message_permissions_flow0s_0B7_
FN:1151,_RNCNCNvNtCs3TuL72Zemk9_11rtc_backend5testss_45server_moderation_invites_bans_and_unban_flow00B7_
FN:981,_RNCNCNvNtCs3TuL72Zemk9_11rtc_backend5testss_47direct_messages_blocks_and_history_cleanup_flow00B7_
FN:1000,_RNCNCNvNtCs3TuL72Zemk9_11rtc_backend5testss_47direct_messages_blocks_and_history_cleanup_flow0s_0B7_
FN:942,_RNCNCNvNtCs3TuL72Zemk9_11rtc_backend5testss_48profile_update_and_avatar_upload_validation_flow00B7_
FN:1214,_RNCNCNvNtCs3TuL72Zemk9_11rtc_backend5testss_49channel_crud_and_message_editing_permissions_flow00B7_
FN:1230,_RNCNCNvNtCs3TuL72Zemk9_11rtc_backend5testss_49channel_crud_and_message_editing_permissions_flow0s0_0B7_
FN:1257,_RNCNCNvNtCs3TuL72Zemk9_11rtc_backend5testss_49channel_crud_and_message_editing_permissions_flow0s1_0B7_
FN:1299,_RNCNCNvNtCs3TuL72Zemk9_11rtc_backend5testss_49channel_crud_and_message_editing_permissions_flow0s2_0B7_
FN:1273,_RNCNCNvNtCs3TuL72Zemk9_11rtc_backend5testss_49channel_crud_and_message_editing_permissions_flow0s_0B7_
FN:775,_RNCNCNvNtCs3TuL72Zemk9_11rtc_backend5testss_53message_pin_flow_allows_author_and_persists_pin_state00B7_
FN:791,_RNCNCNvNtCs3TuL72Zemk9_11rtc_backend5testss_53message_pin_flow_allows_author_and_persists_pin_state0s0_0B7_
FN:828,_RNCNCNvNtCs3TuL72Zemk9_11rtc_backend5testss_53message_pin_flow_allows_author_and_persists_pin_state0s1_0B7_
FN:807,_RNCNCNvNtCs3TuL72Zemk9_11rtc_backend5testss_53message_pin_flow_allows_author_and_persists_pin_state0s2_0B7_
FN:813,_RNCNCNvNtCs3TuL72Zemk9_11rtc_backend5testss_53message_pin_flow_allows_author_and_persists_pin_state0s3_0B7_
FN:846,_RNCNCNvNtCs3TuL72Zemk9_11rtc_backend5testss_53message_pin_flow_allows_author_and_persists_pin_state0s4_0B7_
FN:850,_RNCNCNvNtCs3TuL72Zemk9_11rtc_backend5testss_53message_pin_flow_allows_author_and_persists_pin_state0s5_0B7_
FN:776,_RNCNCNvNtCs3TuL72Zemk9_11rtc_backend5testss_53message_pin_flow_allows_author_and_persists_pin_state0s_0B7_
FN:222,_RNCNvNtCs3TuL72Zemk9_11rtc_backend5tests11signup_user0B5_
FN:121,_RNCNvNtCs3TuL72Zemk9_11rtc_backend5tests11test_db_url0B5_
FN:123,_RNCNvNtCs3TuL72Zemk9_11rtc_backend5tests11test_db_urls0_0B5_
FN:122,_RNCNvNtCs3TuL72Zemk9_11rtc_backend5tests11test_db_urls_0B5_
FN:156,_RNCNvNtCs3TuL72Zemk9_11rtc_backend5tests12request_json0B5_
FN:253,_RNCNvNtCs3TuL72Zemk9_11rtc_backend5tests17create_server_for0B5_
FN:338,_RNCNvNtCs3TuL72Zemk9_11rtc_backend5testss_25owner_cannot_leave_server0B5_
FN:601,_RNCNvNtCs3TuL72Zemk9_11rtc_backend5testss_28message_reaction_toggle_flow0B5_
FN:277,_RNCNvNtCs3TuL72Zemk9_11rtc_backend5testss_34auth_signup_me_logout_refresh_flow0B5_
FN:409,_RNCNvNtCs3TuL72Zemk9_11rtc_backend5testss_43roles_channels_and_message_permissions_flow0B5_
FN:1055,_RNCNvNtCs3TuL72Zemk9_11rtc_backend5testss_45server_moderation_invites_bans_and_unban_flow0B5_
FN:946,_RNCNvNtCs3TuL72Zemk9_11rtc_backend5testss_47direct_messages_blocks_and_history_cleanup_flow0B5_
FN:855,_RNCNvNtCs3TuL72Zemk9_11rtc_backend5testss_48profile_update_and_avatar_upload_validation_flow0B5_
FN:1185,_RNCNvNtCs3TuL72Zemk9_11rtc_backend5testss_49channel_crud_and_message_editing_permissions_flow0B5_
FN:716,_RNCNvNtCs3TuL72Zemk9_11rtc_backend5testss_53message_pin_flow_allows_author_and_persists_pin_state0B5_
FN:222,_RNvNtCs3TuL72Zemk9_11rtc_backend5tests11signup_user
FN:117,_RNvNtCs3TuL72Zemk9_11rtc_backend5tests11test_db_url
FN:150,_RNvNtCs3TuL72Zemk9_11rtc_backend5tests12request_json
FN:253,_RNvNtCs3TuL72Zemk9_11rtc_backend5tests17create_server_for
FN:218,_RNvNtCs3TuL72Zemk9_11rtc_backend5tests6unique
FN:126,_RNvNtCs3TuL72Zemk9_11rtc_backend5tests9setup_app
FN:338,_RNvNtCs3TuL72Zemk9_11rtc_backend5testss_25owner_cannot_leave_server
FN:601,_RNvNtCs3TuL72Zemk9_11rtc_backend5testss_28message_reaction_toggle_flow
FN:277,_RNvNtCs3TuL72Zemk9_11rtc_backend5testss_34auth_signup_me_logout_refresh_flow
FN:409,_RNvNtCs3TuL72Zemk9_11rtc_backend5testss_43roles_channels_and_message_permissions_flow
FN:1055,_RNvNtCs3TuL72Zemk9_11rtc_backend5testss_45server_moderation_invites_bans_and_unban_flow
FN:946,_RNvNtCs3TuL72Zemk9_11rtc_backend5testss_47direct_messages_blocks_and_history_cleanup_flow
FN:855,_RNvNtCs3TuL72Zemk9_11rtc_backend5testss_48profile_update_and_avatar_upload_validation_flow
FN:1185,_RNvNtCs3TuL72Zemk9_11rtc_backend5testss_49channel_crud_and_message_editing_permissions_flow
FN:716,_RNvNtCs3TuL72Zemk9_11rtc_backend5testss_53message_pin_flow_allows_author_and_persists_pin_state
FN:29,_RNvCs3TuL72Zemk9_11rtc_backend4data
FN:33,_RNvCs3TuL72Zemk9_11rtc_backend9build_app
FNDA:0,_RNCNvCs3TuL72Zemk9_11rtc_backend4main0B3_
FNDA:0,_RNvCs3TuL72Zemk9_11rtc_backend4main
FNDA:0,_RNCNvCs3TuL72Zemk9_11rtc_backend4data0B3_
FNDA:2,_RINvNtCs3TuL72Zemk9_11rtc_backend5tests11request_rawNtNtCshQKOepsJxml_5alloc6string6StringEB4_
FNDA:2,_RNCINvNtCs3TuL72Zemk9_11rtc_backend5tests11request_rawNtNtCshQKOepsJxml_5alloc6string6StringE0B6_
FNDA:1,_RNCNCNCNvNtCs3TuL72Zemk9_11rtc_backend5testss_25owner_cannot_leave_server000B9_
FNDA:1,_RNCNCNCNvNtCs3TuL72Zemk9_11rtc_backend5testss_53message_pin_flow_allows_author_and_persists_pin_state0s1_00B9_
FNDA:57,_RNCNCNvNtCs3TuL72Zemk9_11rtc_backend5tests12request_json00B7_
FNDA:1,_RNCNCNvNtCs3TuL72Zemk9_11rtc_backend5testss_25owner_cannot_leave_server00B7_
FNDA:1,_RNCNCNvNtCs3TuL72Zemk9_11rtc_backend5testss_28message_reaction_toggle_flow00B7_
FNDA:1,_RNCNCNvNtCs3TuL72Zemk9_11rtc_backend5testss_28message_reaction_toggle_flow0s0_0B7_
FNDA:1,_RNCNCNvNtCs3TuL72Zemk9_11rtc_backend5testss_28message_reaction_toggle_flow0s_0B7_
FNDA:1,_RNCNCNvNtCs3TuL72Zemk9_11rtc_backend5testss_43roles_channels_and_message_permissions_flow00B7_
FNDA:1,_RNCNCNvNtCs3TuL72Zemk9_11rtc_backend5testss_43roles_channels_and_message_permissions_flow0s0_0B7_
FNDA:1,_RNCNCNvNtCs3TuL72Zemk9_11rtc_backend5testss_43roles_channels_and_message_permissions_flow0s_0B7_
FNDA:1,_RNCNCNvNtCs3TuL72Zemk9_11rtc_backend5testss_45server_moderation_invites_bans_and_unban_flow00B7_
FNDA:1,_RNCNCNvNtCs3TuL72Zemk9_11rtc_backend5testss_47direct_messages_blocks_and_history_cleanup_flow00B7_
FNDA:1,_RNCNCNvNtCs3TuL72Zemk9_11rtc_backend5testss_47direct_messages_blocks_and_history_cleanup_flow0s_0B7_
FNDA:1,_RNCNCNvNtCs3TuL72Zemk9_11rtc_backend5testss_48profile_update_and_avatar_upload_validation_flow00B7_
FNDA:1,_RNCNCNvNtCs3TuL72Zemk9_11rtc_backend5testss_49channel_crud_and_message_editing_permissions_flow00B7_
FNDA:1,_RNCNCNvNtCs3TuL72Zemk9_11rtc_backend5testss_49channel_crud_and_message_editing_permissions_flow0s0_0B7_
FNDA:1,_RNCNCNvNtCs3TuL72Zemk9_11rtc_backend5testss_49channel_crud_and_message_editing_permissions_flow0s1_0B7_
FNDA:1,_RNCNCNvNtCs3TuL72Zemk9_11rtc_backend5testss_49channel_crud_and_message_editing_permissions_flow0s2_0B7_
FNDA:1,_RNCNCNvNtCs3TuL72Zemk9_11rtc_backend5testss_49channel_crud_and_message_editing_permissions_flow0s_0B7_
FNDA:1,_RNCNCNvNtCs3TuL72Zemk9_11rtc_backend5testss_53message_pin_flow_allows_author_and_persists_pin_state00B7_
FNDA:1,_RNCNCNvNtCs3TuL72Zemk9_11rtc_backend5testss_53message_pin_flow_allows_author_and_persists_pin_state0s0_0B7_
FNDA:1,_RNCNCNvNtCs3TuL72Zemk9_11rtc_backend5testss_53message_pin_flow_allows_author_and_persists_pin_state0s1_0B7_
FNDA:1,_RNCNCNvNtCs3TuL72Zemk9_11rtc_backend5testss_53message_pin_flow_allows_author_and_persists_pin_state0s2_0B7_
FNDA:1,_RNCNCNvNtCs3TuL72Zemk9_11rtc_backend5testss_53message_pin_flow_allows_author_and_persists_pin_state0s3_0B7_
FNDA:1,_RNCNCNvNtCs3TuL72Zemk9_11rtc_backend5testss_53message_pin_flow_allows_author_and_persists_pin_state0s4_0B7_
FNDA:1,_RNCNCNvNtCs3TuL72Zemk9_11rtc_backend5testss_53message_pin_flow_allows_author_and_persists_pin_state0s5_0B7_
FNDA:1,_RNCNCNvNtCs3TuL72Zemk9_11rtc_backend5testss_53message_pin_flow_allows_author_and_persists_pin_state0s_0B7_
FNDA:11,_RNCNvNtCs3TuL72Zemk9_11rtc_backend5tests11signup_user0B5_
FNDA:9,_RNCNvNtCs3TuL72Zemk9_11rtc_backend5tests11test_db_url0B5_
FNDA:9,_RNCNvNtCs3TuL72Zemk9_11rtc_backend5tests11test_db_urls0_0B5_
FNDA:9,_RNCNvNtCs3TuL72Zemk9_11rtc_backend5tests11test_db_urls_0B5_
FNDA:93,_RNCNvNtCs3TuL72Zemk9_11rtc_backend5tests12request_json0B5_
FNDA:2,_RNCNvNtCs3TuL72Zemk9_11rtc_backend5tests17create_server_for0B5_
FNDA:1,_RNCNvNtCs3TuL72Zemk9_11rtc_backend5testss_25owner_cannot_leave_server0B5_
FNDA:1,_RNCNvNtCs3TuL72Zemk9_11rtc_backend5testss_28message_reaction_toggle_flow0B5_
FNDA:1,_RNCNvNtCs3TuL72Zemk9_11rtc_backend5testss_34auth_signup_me_logout_refresh_flow0B5_
FNDA:1,_RNCNvNtCs3TuL72Zemk9_11rtc_backend5testss_43roles_channels_and_message_permissions_flow0B5_
FNDA:1,_RNCNvNtCs3TuL72Zemk9_11rtc_backend5testss_45server_moderation_invites_bans_and_unban_flow0B5_
FNDA:1,_RNCNvNtCs3TuL72Zemk9_11rtc_backend5testss_47direct_messages_blocks_and_history_cleanup_flow0B5_
FNDA:1,_RNCNvNtCs3TuL72Zemk9_11rtc_backend5testss_48profile_update_and_avatar_upload_validation_flow0B5_
FNDA:1,_RNCNvNtCs3TuL72Zemk9_11rtc_backend5testss_49channel_crud_and_message_editing_permissions_flow0B5_
FNDA:1,_RNCNvNtCs3TuL72Zemk9_11rtc_backend5testss_53message_pin_flow_allows_author_and_persists_pin_state0B5_
FNDA:11,_RNvNtCs3TuL72Zemk9_11rtc_backend5tests11signup_user
FNDA:9,_RNvNtCs3TuL72Zemk9_11rtc_backend5tests11test_db_url
FNDA:93,_RNvNtCs3TuL72Zemk9_11rtc_backend5tests12request_json
FNDA:2,_RNvNtCs3TuL72Zemk9_11rtc_backend5tests17create_server_for
FNDA:47,_RNvNtCs3TuL72Zemk9_11rtc_backend5tests6unique
FNDA:9,_RNvNtCs3TuL72Zemk9_11rtc_backend5tests9setup_app
FNDA:1,_RNvNtCs3TuL72Zemk9_11rtc_backend5testss_25owner_cannot_leave_server
FNDA:1,_RNvNtCs3TuL72Zemk9_11rtc_backend5testss_28message_reaction_toggle_flow
FNDA:1,_RNvNtCs3TuL72Zemk9_11rtc_backend5testss_34auth_signup_me_logout_refresh_flow
FNDA:1,_RNvNtCs3TuL72Zemk9_11rtc_backend5testss_43roles_channels_and_message_permissions_flow
FNDA:1,_RNvNtCs3TuL72Zemk9_11rtc_backend5testss_45server_moderation_invites_bans_and_unban_flow
FNDA:1,_RNvNtCs3TuL72Zemk9_11rtc_backend5testss_47direct_messages_blocks_and_history_cleanup_flow
FNDA:1,_RNvNtCs3TuL72Zemk9_11rtc_backend5testss_48profile_update_and_avatar_upload_validation_flow
FNDA:1,_RNvNtCs3TuL72Zemk9_11rtc_backend5testss_49channel_crud_and_message_editing_permissions_flow
FNDA:1,_RNvNtCs3TuL72Zemk9_11rtc_backend5testss_53message_pin_flow_allows_author_and_persists_pin_state
FNDA:0,_RNvCs3TuL72Zemk9_11rtc_backend4data
FNDA:9,_RNvCs3TuL72Zemk9_11rtc_backend9build_app
FNF:64
FNH:60
DA:29,0
DA:30,0
DA:31,0
DA:33,9
DA:34,9
DA:35,9
DA:36,9
DA:37,9
DA:38,9
DA:40,9
DA:41,9
DA:42,9
DA:43,9
DA:45,9
DA:46,9
DA:47,9
DA:49,9
DA:50,9
DA:51,9
DA:52,9
DA:54,9
DA:55,9
DA:56,9
DA:57,9
DA:58,9
DA:59,9
DA:60,9
DA:62,9
DA:63,9
DA:64,9
DA:65,9
DA:66,9
DA:67,9
DA:68,9
DA:69,9
DA:71,9
DA:72,9
DA:73,9
DA:74,9
DA:77,0
DA:78,0
DA:80,0
DA:81,0
DA:83,0
DA:84,0
DA:86,0
DA:87,0
DA:88,0
DA:89,0
DA:90,0
DA:92,0
DA:94,0
DA:95,0
DA:96,0
DA:98,0
DA:100,0
DA:101,0
DA:102,0
DA:103,0
DA:117,9
DA:118,9
DA:119,9
DA:120,9
DA:121,9
DA:122,9
DA:123,9
DA:124,9
DA:126,9
DA:127,9
DA:128,9
DA:129,0
DA:130,9
DA:131,9
DA:132,0
DA:133,9
DA:135,9
DA:137,9
DA:138,9
DA:139,9
DA:142,9
DA:143,9
DA:144,9
DA:145,9
DA:146,9
DA:147,9
DA:148,9
DA:150,93
DA:151,93
DA:152,93
DA:153,93
DA:154,93
DA:155,93
DA:156,93
DA:157,93
DA:158,93
DA:159,93
DA:160,93
DA:162,93
DA:163,93
DA:164,57
DA:165,57
DA:166,93
DA:167,74
DA:168,74
DA:170,93
DA:171,93
DA:172,93
DA:173,93
DA:174,93
DA:175,93
DA:176,93
DA:177,93
DA:178,93
DA:179,93
DA:180,93
DA:181,93
DA:182,93
DA:183,93
DA:184,93
DA:186,2
DA:187,2
DA:188,2
DA:189,2
DA:190,2
DA:191,2
DA:192,2
DA:193,2
DA:194,2
DA:195,2
DA:196,2
DA:197,2
DA:198,2
DA:199,2
DA:200,2
DA:202,2
DA:203,2
DA:204,2
DA:205,2
DA:206,2
DA:207,2
DA:208,2
DA:209,2
DA:210,2
DA:211,2
DA:212,2
DA:213,2
DA:214,2
DA:215,2
DA:216,2
DA:218,47
DA:219,47
DA:220,47
DA:222,11
DA:223,11
DA:224,11
DA:225,11
DA:226,11
DA:227,11
DA:228,11
DA:229,11
DA:230,11
DA:231,11
DA:232,11
DA:233,11
DA:234,11
DA:236,11
DA:237,11
DA:238,11
DA:239,11
DA:240,11
DA:241,11
DA:242,11
DA:243,11
DA:244,11
DA:245,11
DA:246,11
DA:247,11
DA:248,11
DA:249,11
DA:250,11
DA:251,11
DA:253,2
DA:254,2
DA:255,2
DA:256,2
DA:257,2
DA:258,2
DA:259,2
DA:261,2
DA:262,2
DA:263,2
DA:264,2
DA:265,2
DA:266,2
DA:267,2
DA:268,2
DA:269,2
DA:270,2
DA:271,2
DA:272,2
DA:273,2
DA:274,2
DA:277,1
DA:278,1
DA:279,0
DA:282,1
DA:283,1
DA:284,1
DA:286,1
DA:287,1
DA:288,1
DA:289,1
DA:290,1
DA:291,1
DA:292,1
DA:293,1
DA:294,1
DA:295,1
DA:297,1
DA:298,1
DA:300,1
DA:301,1
DA:302,1
DA:303,1
DA:304,1
DA:305,1
DA:306,1
DA:307,1
DA:308,1
DA:309,1
DA:311,1
DA:312,1
DA:313,1
DA:314,1
DA:316,1
DA:317,1
DA:318,1
DA:319,1
DA:320,1
DA:321,1
DA:323,1
DA:324,1
DA:326,1
DA:327,1
DA:328,1
DA:329,1
DA:330,1
DA:331,1
DA:333,1
DA:334,1
DA:335,1
DA:338,1
DA:339,1
DA:340,0
DA:343,1
DA:344,1
DA:346,1
DA:347,1
DA:348,1
DA:349,1
DA:350,1
DA:351,1
DA:352,1
DA:353,1
DA:354,1
DA:355,1
DA:357,1
DA:358,1
DA:359,1
DA:360,1
DA:361,1
DA:362,1
DA:364,1
DA:365,1
DA:366,1
DA:367,1
DA:368,1
DA:369,1
DA:371,1
DA:372,1
DA:373,1
DA:374,1
DA:375,1
DA:376,1
DA:378,1
DA:379,1
DA:380,1
DA:381,1
DA:382,1
DA:383,1
DA:385,1
DA:386,1
DA:388,1
DA:389,1
DA:390,1
DA:391,1
DA:392,1
DA:393,1
DA:395,1
DA:396,1
DA:397,1
DA:398,1
DA:399,1
DA:400,1
DA:401,1
DA:402,1
DA:403,1
DA:404,1
DA:405,1
DA:406,1
DA:409,1
DA:410,1
DA:411,0
DA:414,1
DA:415,1
DA:416,1
DA:417,1
DA:419,1
DA:420,1
DA:421,1
DA:422,1
DA:423,1
DA:424,1
DA:425,1
DA:426,1
DA:427,1
DA:428,1
DA:430,1
DA:431,1
DA:432,1
DA:433,1
DA:434,1
DA:435,1
DA:437,1
DA:438,1
DA:439,1
DA:440,1
DA:441,1
DA:442,1
DA:444,1
DA:445,1
DA:446,1
DA:447,1
DA:448,1
DA:449,1
DA:450,1
DA:451,1
DA:452,1
DA:453,1
DA:455,1
DA:456,1
DA:457,1
DA:458,1
DA:459,1
DA:460,1
DA:461,1
DA:462,1
DA:463,1
DA:464,1
DA:466,1
DA:467,1
DA:468,1
DA:469,1
DA:470,1
DA:471,1
DA:473,1
DA:474,1
DA:475,1
DA:476,1
DA:477,1
DA:478,1
DA:480,1
DA:481,1
DA:483,1
DA:484,1
DA:485,1
DA:486,1
DA:487,1
DA:488,1
DA:489,1
DA:491,1
DA:492,1
DA:493,1
DA:494,1
DA:495,1
DA:496,1
DA:498,1
DA:499,1
DA:501,1
DA:502,1
DA:503,1
DA:504,1
DA:505,1
DA:506,1
DA:508,1
DA:509,1
DA:510,1
DA:511,1
DA:512,1
DA:513,1
DA:514,1
DA:516,1
DA:517,1
DA:518,1
DA:519,1
DA:520,1
DA:521,1
DA:523,1
DA:524,1
DA:526,1
DA:527,1
DA:528,1
DA:529,1
DA:530,1
DA:531,1
DA:533,1
DA:534,1
DA:535,1
DA:536,1
DA:537,1
DA:538,1
DA:539,1
DA:541,1
DA:542,1
DA:543,1
DA:544,1
DA:545,1
DA:546,1
DA:548,1
DA:549,1
DA:551,1
DA:552,1
DA:553,1
DA:554,1
DA:555,1
DA:556,1
DA:558,1
DA:559,1
DA:560,1
DA:561,1
DA:562,1
DA:563,1
DA:564,1
DA:566,1
DA:567,1
DA:568,1
DA:569,1
DA:570,1
DA:571,1
DA:573,1
DA:574,1
DA:576,1
DA:577,1
DA:578,1
DA:579,1
DA:580,1
DA:581,1
DA:583,1
DA:584,1
DA:586,1
DA:587,1
DA:588,1
DA:589,1
DA:590,1
DA:591,1
DA:593,1
DA:594,1
DA:595,1
DA:596,1
DA:597,1
DA:598,1
DA:601,1
DA:602,1
DA:603,0
DA:606,1
DA:607,1
DA:609,1
DA:610,1
DA:611,1
DA:612,1
DA:613,1
DA:614,1
DA:615,1
DA:616,1
DA:617,1
DA:618,1
DA:620,1
DA:621,1
DA:622,1
DA:623,1
DA:624,1
DA:625,1
DA:626,1
DA:627,1
DA:628,1
DA:629,1
DA:630,1
DA:631,1
DA:633,1
DA:634,1
DA:635,1
DA:636,1
DA:637,1
DA:638,1
DA:640,1
DA:641,1
DA:642,1
DA:643,1
DA:644,1
DA:645,1
DA:647,1
DA:648,1
DA:649,1
DA:650,1
DA:651,1
DA:652,1
DA:653,1
DA:654,1
DA:656,1
DA:657,1
DA:658,1
DA:659,1
DA:660,1
DA:661,1
DA:663,1
DA:664,1
DA:665,1
DA:666,1
DA:667,1
DA:668,1
DA:669,1
DA:671,1
DA:672,1
DA:673,1
DA:674,1
DA:675,1
DA:676,1
DA:678,1
DA:679,1
DA:681,1
DA:682,1
DA:683,1
DA:684,1
DA:685,1
DA:686,1
DA:687,1
DA:690,1
DA:691,1
DA:694,1
DA:695,1
DA:699,1
DA:700,1
DA:701,1
DA:702,1
DA:703,1
DA:704,1
DA:706,1
DA:707,1
DA:708,1
DA:709,1
DA:710,1
DA:711,1
DA:712,1
DA:713,1
DA:716,1
DA:717,1
DA:718,0
DA:721,1
DA:722,1
DA:724,1
DA:725,1
DA:726,1
DA:727,1
DA:728,1
DA:729,1
DA:730,1
DA:731,1
DA:732,1
DA:733,1
DA:735,1
DA:736,1
DA:737,1
DA:738,1
DA:739,1
DA:740,1
DA:741,1
DA:742,1
DA:743,1
DA:744,1
DA:745,1
DA:746,1
DA:747,1
DA:748,1
DA:750,1
DA:751,1
DA:752,1
DA:753,1
DA:754,1
DA:755,1
DA:757,1
DA:758,1
DA:759,1
DA:760,1
DA:761,1
DA:762,1
DA:764,1
DA:765,1
DA:766,1
DA:767,1
DA:768,1
DA:769,1
DA:771,1
DA:772,1
DA:773,1
DA:774,1
DA:775,1
DA:776,1
DA:777,1
DA:778,1
DA:780,1
DA:781,1
DA:782,1
DA:783,1
DA:784,1
DA:785,1
DA:787,1
DA:788,1
DA:789,1
DA:790,1
DA:791,1
DA:792,1
DA:793,1
DA:795,1
DA:796,1
DA:797,1
DA:798,1
DA:799,1
DA:800,1
DA:802,1
DA:803,1
DA:804,1
DA:805,1
DA:806,1
DA:807,1
DA:808,1
DA:809,1
DA:811,1
DA:812,1
DA:813,1
DA:814,1
DA:815,1
DA:817,1
DA:818,1
DA:819,1
DA:820,1
DA:821,1
DA:822,1
DA:824,1
DA:825,1
DA:826,1
DA:827,1
DA:828,1
DA:829,1
DA:830,1
DA:831,1
DA:832,1
DA:833,1
DA:835,1
DA:836,1
DA:837,1
DA:838,1
DA:839,1
DA:840,1
DA:842,1
DA:843,1
DA:844,1
DA:845,1
DA:846,1
DA:847,1
DA:848,1
DA:849,1
DA:850,1
DA:851,1
DA:852,1
DA:855,1
DA:856,1
DA:857,0
DA:859,1
DA:860,1
DA:862,1
DA:863,1
DA:865,1
DA:866,1
DA:867,1
DA:868,1
DA:869,1
DA:870,1
DA:872,1
DA:873,1
DA:875,1
DA:876,1
DA:877,1
DA:878,1
DA:879,1
DA:880,1
DA:882,1
DA:883,1
DA:885,1
DA:886,1
DA:887,1
DA:888,1
DA:889,1
DA:890,1
DA:891,1
DA:892,1
DA:893,1
DA:894,1
DA:895,1
DA:896,1
DA:897,1
DA:899,1
DA:900,1
DA:901,1
DA:902,1
DA:905,1
DA:906,1
DA:910,1
DA:911,1
DA:914,1
DA:915,1
DA:916,1
DA:917,1
DA:918,1
DA:919,1
DA:920,1
DA:922,1
DA:923,1
DA:925,1
DA:926,1
DA:929,1
DA:930,1
DA:931,1
DA:932,1
DA:933,1
DA:934,1
DA:935,1
DA:937,1
DA:938,1
DA:939,1
DA:940,1
DA:941,1
DA:942,1
DA:943,1
DA:946,1
DA:947,1
DA:948,0
DA:950,1
DA:951,1
DA:953,1
DA:954,1
DA:955,1
DA:956,1
DA:957,1
DA:958,1
DA:960,1
DA:961,1
DA:962,1
DA:964,1
DA:965,1
DA:966,1
DA:967,1
DA:968,1
DA:969,1
DA:971,1
DA:972,1
DA:974,1
DA:975,1
DA:976,1
DA:977,1
DA:978,1
DA:979,1
DA:980,1
DA:981,1
DA:983,1
DA:984,1
DA:985,1
DA:986,1
DA:987,1
DA:988,1
DA:990,1
DA:991,1
DA:993,1
DA:994,1
DA:995,1
DA:996,1
DA:997,1
DA:998,1
DA:999,1
DA:1000,1
DA:1002,1
DA:1003,1
DA:1004,1
DA:1005,1
DA:1006,1
DA:1007,1
DA:1009,1
DA:1010,1
DA:1012,1
DA:1013,1
DA:1014,1
DA:1015,1
DA:1016,1
DA:1017,1
DA:1019,1
DA:1020,1
DA:1022,1
DA:1023,1
DA:1024,1
DA:1025,1
DA:1026,1
DA:1027,1
DA:1029,1
DA:1030,1
DA:1032,1
DA:1033,1
DA:1034,1
DA:1035,1
DA:1036,1
DA:1037,1
DA:1039,1
DA:1040,1
DA:1042,1
DA:1043,1
DA:1044,1
DA:1045,1
DA:1046,1
DA:1047,1
DA:1049,1
DA:1050,1
DA:1051,1
DA:1052,1
DA:1055,1
DA:1056,1
DA:1057,0
DA:1059,1
DA:1060,1
DA:1061,1
DA:1062,1
DA:1064,1
DA:1065,1
DA:1066,1
DA:1067,1
DA:1068,1
DA:1069,1
DA:1071,1
DA:1072,1
DA:1074,1
DA:1075,1
DA:1076,1
DA:1077,1
DA:1078,1
DA:1079,1
DA:1081,1
DA:1082,1
DA:1084,1
DA:1085,1
DA:1086,1
DA:1087,1
DA:1088,1
DA:1089,1
DA:1091,1
DA:1092,1
DA:1093,1
DA:1094,1
DA:1095,1
DA:1096,1
DA:1098,1
DA:1099,1
DA:1100,1
DA:1101,1
DA:1102,1
DA:1103,1
DA:1105,1
DA:1106,1
DA:1108,1
DA:1109,1
DA:1110,1
DA:1111,1
DA:1113,1
DA:1114,1
DA:1115,1
DA:1116,1
DA:1117,1
DA:1118,1
DA:1120,1
DA:1121,1
DA:1122,1
DA:1124,1
DA:1125,1
DA:1126,1
DA:1127,1
DA:1128,1
DA:1129,1
DA:1130,1
DA:1131,1
DA:1132,1
DA:1133,1
DA:1135,1
DA:1136,1
DA:1138,1
DA:1139,1
DA:1140,1
DA:1141,1
DA:1142,1
DA:1143,1
DA:1145,1
DA:1146,1
DA:1147,1
DA:1148,1
DA:1149,1
DA:1150,1
DA:1151,1
DA:1153,1
DA:1154,1
DA:1155,1
DA:1156,1
DA:1157,1
DA:1158,1
DA:1160,1
DA:1161,1
DA:1163,1
DA:1164,1
DA:1165,1
DA:1166,1
DA:1167,1
DA:1168,1
DA:1170,1
DA:1171,1
DA:1173,1
DA:1174,1
DA:1175,1
DA:1176,1
DA:1177,1
DA:1178,1
DA:1180,1
DA:1181,1
DA:1182,1
DA:1185,1
DA:1186,1
DA:1187,0
DA:1189,1
DA:1190,1
DA:1191,1
DA:1193,1
DA:1194,1
DA:1195,1
DA:1196,1
DA:1197,1
DA:1198,1
DA:1200,1
DA:1201,1
DA:1203,1
DA:1204,1
DA:1205,1
DA:1206,1
DA:1207,1
DA:1208,1
DA:1210,1
DA:1211,1
DA:1212,1
DA:1213,1
DA:1214,1
DA:1215,1
DA:1216,1
DA:1218,1
DA:1219,1
DA:1220,1
DA:1221,1
DA:1222,1
DA:1223,1
DA:1225,1
DA:1226,1
DA:1227,1
DA:1228,1
DA:1229,1
DA:1230,1
DA:1231,1
DA:1235,1
DA:1236,1
DA:1237,1
DA:1238,1
DA:1239,1
DA:1240,1
DA:1242,1
DA:1243,1
DA:1245,1
DA:1246,1
DA:1247,1
DA:1248,1
DA:1249,1
DA:1250,1
DA:1252,1
DA:1253,1
DA:1254,1
DA:1255,1
DA:1256,1
DA:1257,1
DA:1258,1
DA:1262,1
DA:1263,1
DA:1264,1
DA:1265,1
DA:1266,1
DA:1267,1
DA:1269,1
DA:1270,1
DA:1271,1
DA:1272,1
DA:1273,1
DA:1274,1
DA:1275,1
DA:1277,1
DA:1278,1
DA:1279,1
DA:1280,1
DA:1281,1
DA:1282,1
DA:1284,1
DA:1285,1
DA:1287,1
DA:1288,1
DA:1289,1
DA:1290,1
DA:1291,1
DA:1292,1
DA:1294,1
DA:1295,1
DA:1296,1
DA:1297,1
DA:1298,1
DA:1299,1
DA:1300,1
DA:1304,1
DA:1305,1
DA:1306,1
DA:1307,1
DA:1308,1
DA:1309,1
DA:1311,1
DA:1312,1
DA:1313,1
BRF:0
BRH:0
LF:1114
LH:1075
end_of_record
SF:/home/anatoliy/Documents/T-DEV-600-REN_13/backend/rtc_backend/src/models.rs
FN:102,_RNvXs0_NtNtNtCs3TuL72Zemk9_11rtc_backend6models23db_enum_impl_MemberRole7pg_implNtB9_10MemberRoleINtNtCsiQnTa5e7sLK_6diesel9serialize5ToSqlNtNtNtBb_6schema9sql_types10MemberRoleNtNtNtB1C_2pg7backend2PgE6to_sql
FNDA:0,_RNvXs0_NtNtNtCs3TuL72Zemk9_11rtc_backend6models23db_enum_impl_MemberRole7pg_implNtB9_10MemberRoleINtNtCsiQnTa5e7sLK_6diesel9serialize5ToSqlNtNtNtBb_6schema9sql_types10MemberRoleNtNtNtB1C_2pg7backend2PgE6to_sql
FNF:1
FNH:0
DA:102,0
BRF:0
BRH:0
LF:1
LH:0
end_of_record
SF:/home/anatoliy/Documents/T-DEV-600-REN_13/backend/rtc_backend/src/realtime.rs
FN:130,_RNvMNtCs3TuL72Zemk9_11rtc_backend8realtimeNtB2_5WsHub10set_status
FN:111,_RNvMNtCs3TuL72Zemk9_11rtc_backend8realtimeNtB2_5WsHub10user_leave
FN:82,_RNvMNtCs3TuL72Zemk9_11rtc_backend8realtimeNtB2_5WsHub3new
FN:95,_RNvMNtCs3TuL72Zemk9_11rtc_backend8realtimeNtB2_5WsHub7publish
FN:91,_RNvMNtCs3TuL72Zemk9_11rtc_backend8realtimeNtB2_5WsHub9subscribe
FN:99,_RNvMNtCs3TuL72Zemk9_11rtc_backend8realtimeNtB2_5WsHub9user_join
FN:130,_RNCNvMNtCs3TuL72Zemk9_11rtc_backend8realtimeNtB4_5WsHub10set_status0B6_
FN:111,_RNCNvMNtCs3TuL72Zemk9_11rtc_backend8realtimeNtB4_5WsHub10user_leave0B6_
FN:99,_RNCNvMNtCs3TuL72Zemk9_11rtc_backend8realtimeNtB4_5WsHub9user_join0B6_
FNDA:0,_RNvMNtCs3TuL72Zemk9_11rtc_backend8realtimeNtB2_5WsHub10set_status
FNDA:0,_RNvMNtCs3TuL72Zemk9_11rtc_backend8realtimeNtB2_5WsHub10user_leave
FNDA:9,_RNvMNtCs3TuL72Zemk9_11rtc_backend8realtimeNtB2_5WsHub3new
FNDA:10,_RNvMNtCs3TuL72Zemk9_11rtc_backend8realtimeNtB2_5WsHub7publish
FNDA:0,_RNvMNtCs3TuL72Zemk9_11rtc_backend8realtimeNtB2_5WsHub9subscribe
FNDA:0,_RNvMNtCs3TuL72Zemk9_11rtc_backend8realtimeNtB2_5WsHub9user_join
FNDA:0,_RNCNvMNtCs3TuL72Zemk9_11rtc_backend8realtimeNtB4_5WsHub10set_status0B6_
FNDA:0,_RNCNvMNtCs3TuL72Zemk9_11rtc_backend8realtimeNtB4_5WsHub10user_leave0B6_
FNDA:0,_RNCNvMNtCs3TuL72Zemk9_11rtc_backend8realtimeNtB4_5WsHub9user_join0B6_
FNF:9
FNH:2
DA:82,9
DA:83,9
DA:84,9
DA:85,9
DA:86,9
DA:87,9
DA:88,9
DA:89,9
DA:91,0
DA:92,0
DA:93,0
DA:95,10
DA:96,10
DA:97,10
DA:99,0
DA:100,0
DA:101,0
DA:102,0
DA:103,0
DA:104,0
DA:105,0
DA:106,0
DA:107,0
DA:108,0
DA:109,0
DA:111,0
DA:112,0
DA:113,0
DA:114,0
DA:115,0
DA:116,0
DA:117,0
DA:118,0
DA:119,0
DA:120,0
DA:121,0
DA:122,0
DA:123,0
DA:124,0
DA:125,0
DA:126,0
DA:127,0
DA:128,0
DA:130,0
DA:131,0
DA:132,0
DA:133,0
DA:134,0
DA:135,0
DA:136,0
BRF:0
BRH:0
LF:53
LH:11
end_of_record
SF:/home/anatoliy/Documents/T-DEV-600-REN_13/backend/rtc_backend/src/repositories/channels.rs
FN:207,_RNCNvNtNtNtCs3TuL72Zemk9_11rtc_backend12repositories8channels5tests7db_conn0B9_
FN:82,_RNvNtNtCs3TuL72Zemk9_11rtc_backend12repositories8channels10find_by_id
FN:10,_RNvNtNtCs3TuL72Zemk9_11rtc_backend12repositories8channels14create_channel
FN:45,_RNvNtNtCs3TuL72Zemk9_11rtc_backend12repositories8channels14delete_channel
FN:60,_RNvNtNtCs3TuL72Zemk9_11rtc_backend12repositories8channels14update_channel
FN:172,_RNvNtNtCs3TuL72Zemk9_11rtc_backend12repositories8channels16ensure_dm_member
FN:163,_RNvNtNtCs3TuL72Zemk9_11rtc_backend12repositories8channels18list_dm_member_ids
FN:32,_RNvNtNtCs3TuL72Zemk9_11rtc_backend12repositories8channels23list_channels_by_server
FN:91,_RNvNtNtCs3TuL72Zemk9_11rtc_backend12repositories8channels24get_or_create_dm_channel
FN:147,_RNvNtNtCs3TuL72Zemk9_11rtc_backend12repositories8channels25list_dm_channels_for_user
FN:111,_RNCNvNtNtCs3TuL72Zemk9_11rtc_backend12repositories8channels24get_or_create_dm_channel0B7_
FN:203,_RNvNtNtNtCs3TuL72Zemk9_11rtc_backend12repositories8channels5tests7db_conn
FN:212,_RNvNtNtNtCs3TuL72Zemk9_11rtc_backend12repositories8channels5testss_12channel_crud
FNDA:1,_RNCNvNtNtNtCs3TuL72Zemk9_11rtc_backend12repositories8channels5tests7db_conn0B9_
FNDA:24,_RNvNtNtCs3TuL72Zemk9_11rtc_backend12repositories8channels10find_by_id
FNDA:10,_RNvNtNtCs3TuL72Zemk9_11rtc_backend12repositories8channels14create_channel
FNDA:2,_RNvNtNtCs3TuL72Zemk9_11rtc_backend12repositories8channels14delete_channel
FNDA:2,_RNvNtNtCs3TuL72Zemk9_11rtc_backend12repositories8channels14update_channel
FNDA:4,_RNvNtNtCs3TuL72Zemk9_11rtc_backend12repositories8channels16ensure_dm_member
FNDA:2,_RNvNtNtCs3TuL72Zemk9_11rtc_backend12repositories8channels18list_dm_member_ids
FNDA:4,_RNvNtNtCs3TuL72Zemk9_11rtc_backend12repositories8channels23list_channels_by_server
FNDA:1,_RNvNtNtCs3TuL72Zemk9_11rtc_backend12repositories8channels24get_or_create_dm_channel
FNDA:1,_RNvNtNtCs3TuL72Zemk9_11rtc_backend12repositories8channels25list_dm_channels_for_user
FNDA:0,_RNCNvNtNtCs3TuL72Zemk9_11rtc_backend12repositories8channels24get_or_create_dm_channel0B7_
FNDA:1,_RNvNtNtNtCs3TuL72Zemk9_11rtc_backend12repositories8channels5tests7db_conn
FNDA:1,_RNvNtNtNtCs3TuL72Zemk9_11rtc_backend12repositories8channels5testss_12channel_crud
FNF:13
FNH:12
DA:10,10
DA:11,10
DA:12,10
DA:13,10
DA:14,10
DA:15,10
DA:16,10
DA:17,10
DA:18,10
DA:19,10
DA:20,10
DA:21,10
DA:22,10
DA:23,10
DA:24,10
DA:26,10
DA:27,10
DA:28,10
DA:29,10
DA:30,10
DA:32,4
DA:33,4
DA:34,4
DA:35,4
DA:38,4
DA:39,4
DA:40,4
DA:41,4
DA:42,4
DA:43,4
DA:45,2
DA:48,2
DA:49,2
DA:60,2
DA:61,2
DA:62,2
DA:63,2
DA:64,2
DA:65,2
DA:66,2
DA:69,2
DA:70,2
DA:71,2
DA:72,2
DA:73,2
DA:74,2
DA:76,2
DA:77,2
DA:78,2
DA:79,2
DA:80,2
DA:82,24
DA:85,24
DA:86,24
DA:87,24
DA:88,24
DA:89,24
DA:91,1
DA:92,1
DA:93,1
DA:94,1
DA:95,1
DA:99,1
DA:100,1
DA:101,1
DA:102,1
DA:104,1
DA:105,1
DA:106,1
DA:107,1
DA:109,1
DA:110,1
DA:111,1
DA:112,1
DA:113,1
DA:115,1
DA:116,0
DA:117,0
DA:118,0
DA:119,0
DA:120,0
DA:121,0
DA:123,0
DA:124,0
DA:125,0
DA:128,1
DA:129,1
DA:130,1
DA:131,1
DA:132,1
DA:133,1
DA:134,1
DA:135,1
DA:137,1
DA:138,1
DA:139,1
DA:140,1
DA:142,1
DA:144,1
DA:145,1
DA:147,1
DA:148,1
DA:149,1
DA:150,1
DA:154,1
DA:155,1
DA:156,1
DA:157,1
DA:158,1
DA:159,1
DA:160,1
DA:161,1
DA:163,2
DA:166,2
DA:167,2
DA:168,2
DA:169,2
DA:170,2
DA:172,4
DA:173,4
DA:174,4
DA:175,4
DA:176,4
DA:179,4
DA:180,4
DA:181,4
DA:182,4
DA:183,4
DA:184,4
DA:185,4
DA:187,4
DA:188,4
DA:190,0
DA:191,0
DA:192,0
DA:194,4
DA:203,1
DA:204,1
DA:205,1
DA:206,1
DA:207,1
DA:208,1
DA:209,1
DA:212,1
DA:213,1
DA:214,0
DA:216,1
DA:218,1
DA:219,1
DA:220,1
DA:221,1
DA:222,1
DA:224,1
DA:225,1
DA:226,1
DA:227,1
DA:228,1
DA:229,1
DA:231,1
DA:233,1
DA:234,1
DA:236,1
DA:237,1
DA:238,1
DA:240,1
DA:241,1
DA:243,1
DA:244,1
DA:245,1
DA:247,1
DA:248,1
DA:249,1
DA:251,1
DA:252,1
DA:254,1
DA:255,1
DA:256,1
BRF:0
BRH:0
LF:179
LH:165
end_of_record
SF:/home/anatoliy/Documents/T-DEV-600-REN_13/backend/rtc_backend/src/repositories/invite_uses.rs
FN:30,_RNvNtNtCs3TuL72Zemk9_11rtc_backend12repositories11invite_uses15has_used_invite
FN:21,_RNvNtNtCs3TuL72Zemk9_11rtc_backend12repositories11invite_uses20count_uses_by_invite
FN:8,_RNvNtNtCs3TuL72Zemk9_11rtc_backend12repositories11invite_uses17create_invite_use
FNDA:0,_RNvNtNtCs3TuL72Zemk9_11rtc_backend12repositories11invite_uses15has_used_invite
[...]
FNF:8
FNH:7
DA:28,9
DA:29,9
DA:31,9
DA:32,9
DA:33,9
DA:34,9
DA:35,9
DA:36,9
DA:37,9
DA:38,9
DA:39,9
DA:41,19
DA:42,19
DA:43,19
DA:45,19
DA:46,19
DA:47,19
DA:48,19
DA:49,19
DA:50,19
DA:51,19
DA:52,19
DA:54,19
DA:55,19
DA:57,19
DA:58,19
DA:60,19
DA:61,19
DA:62,19
DA:64,2
DA:65,2
DA:66,2
DA:67,2
DA:69,2
DA:70,2
DA:72,1
DA:73,2
DA:84,2
DA:85,2
DA:86,2
DA:87,2
DA:88,2
DA:89,2
DA:90,2
DA:91,2
DA:92,2
DA:93,2
DA:94,2
DA:97,1
DA:98,1
DA:99,1
DA:101,1
DA:102,1
DA:103,1
DA:104,1
DA:105,1
DA:106,1
DA:108,1
DA:109,1
DA:112,1
DA:113,1
DA:115,1
DA:116,1
DA:117,1
DA:118,1
DA:119,1
DA:120,1
DA:121,1
DA:122,1
DA:124,1
DA:125,1
DA:126,1
DA:128,1
DA:129,1
BRF:0
BRH:0
LF:75
LH:74
end_of_record
SF:/home/anatoliy/Documents/T-DEV-600-REN_13/backend/rtc_backend/src/security/tokens.rs
FN:25,_RNCNvNtNtNtCs3TuL72Zemk9_11rtc_backend8security6tokens5testss_31refresh_token_is_hex_and_64_len0B9_
FN:29,_RNvNtNtNtCs3TuL72Zemk9_11rtc_backend8security6tokens5testss_21hash_is_deterministic
FN:22,_RNvNtNtNtCs3TuL72Zemk9_11rtc_backend8security6tokens5testss_31refresh_token_is_hex_and_64_len
FN:10,_RNvNtNtCs3TuL72Zemk9_11rtc_backend8security6tokens18hash_refresh_token
FN:4,_RNvNtNtCs3TuL72Zemk9_11rtc_backend8security6tokens22generate_refresh_token
FNDA:64,_RNCNvNtNtNtCs3TuL72Zemk9_11rtc_backend8security6tokens5testss_31refresh_token_is_hex_and_64_len0B9_
FNDA:1,_RNvNtNtNtCs3TuL72Zemk9_11rtc_backend8security6tokens5testss_21hash_is_deterministic
FNDA:1,_RNvNtNtNtCs3TuL72Zemk9_11rtc_backend8security6tokens5testss_31refresh_token_is_hex_and_64_len
FNDA:23,_RNvNtNtCs3TuL72Zemk9_11rtc_backend8security6tokens18hash_refresh_token
FNDA:18,_RNvNtNtCs3TuL72Zemk9_11rtc_backend8security6tokens22generate_refresh_token
FNF:5
FNH:5
DA:4,18
DA:5,18
DA:6,18
DA:7,18
DA:8,18
DA:10,23
DA:11,23
DA:12,23
DA:13,23
DA:14,23
DA:15,23
DA:22,1
DA:23,1
DA:24,1
DA:25,64
DA:26,1
DA:29,1
DA:30,1
DA:31,1
DA:32,1
DA:33,1
BRF:0
BRH:0
LF:22
LH:22
end_of_record
SF:/home/anatoliy/Documents/T-DEV-600-REN_13/backend/rtc_backend/src/services/auth_service.rs
FN:93,_RNvMNtNtCs3TuL72Zemk9_11rtc_backend8services12auth_serviceNtB2_11AuthService11signup_stub
FN:29,_RNvMNtNtCs3TuL72Zemk9_11rtc_backend8services12auth_serviceNtB2_11AuthService19login_stub_by_email
FN:25,_RNvMNtNtCs3TuL72Zemk9_11rtc_backend8services12auth_serviceNtB2_11AuthService3new
FN:80,_RNvMNtNtCs3TuL72Zemk9_11rtc_backend8services12auth_serviceNtB2_11AuthService6logout
FN:58,_RNvMNtNtCs3TuL72Zemk9_11rtc_backend8services12auth_serviceNtB2_11AuthService7refresh
FN:112,_RNvNtNtCs3TuL72Zemk9_11rtc_backend8services12auth_service23map_diesel_to_app_error
FN:105,_RNvNtNtCs3TuL72Zemk9_11rtc_backend8services12auth_service35map_diesel_notfound_to_unauthorized
FNDA:0,_RNvMNtNtCs3TuL72Zemk9_11rtc_backend8services12auth_serviceNtB2_11AuthService11signup_stub
FNDA:0,_RNvMNtNtCs3TuL72Zemk9_11rtc_backend8services12auth_serviceNtB2_11AuthService19login_stub_by_email
FNDA:0,_RNvMNtNtCs3TuL72Zemk9_11rtc_backend8services12auth_serviceNtB2_11AuthService3new
FNDA:0,_RNvMNtNtCs3TuL72Zemk9_11rtc_backend8services12auth_serviceNtB2_11AuthService6logout
FNDA:0,_RNvMNtNtCs3TuL72Zemk9_11rtc_backend8services12auth_serviceNtB2_11AuthService7refresh
FNDA:0,_RNvNtNtCs3TuL72Zemk9_11rtc_backend8services12auth_service23map_diesel_to_app_error
FNDA:0,_RNvNtNtCs3TuL72Zemk9_11rtc_backend8services12auth_service35map_diesel_notfound_to_unauthorized
FNF:7
FNH:0
DA:25,0
DA:26,0
DA:27,0
DA:29,0
DA:30,0
DA:31,0
DA:32,0
DA:33,0
DA:34,0
DA:35,0
DA:36,0
DA:37,0
DA:39,0
DA:40,0
DA:42,0
DA:43,0
DA:44,0
DA:45,0
DA:46,0
DA:47,0
DA:48,0
DA:50,0
DA:52,0
DA:53,0
DA:54,0
DA:55,0
DA:56,0
DA:58,0
DA:59,0
DA:60,0
DA:61,0
DA:62,0
DA:63,0
DA:64,0
DA:65,0
DA:66,0
DA:67,0
DA:68,0
DA:69,0
DA:70,0
DA:72,0
DA:74,0
DA:75,0
DA:76,0
DA:77,0
DA:78,0
DA:80,0
DA:81,0
DA:82,0
DA:83,0
DA:84,0
DA:85,0
DA:87,0
DA:88,0
DA:90,0
DA:91,0
DA:93,0
DA:94,0
DA:95,0
DA:96,0
DA:97,0
DA:98,0
DA:99,0
DA:100,0
DA:101,0
DA:102,0
DA:105,0
DA:106,0
DA:107,0
DA:108,0
DA:110,0
DA:112,0
DA:113,0
DA:114,0
DA:115,0
DA:116,0
DA:119,0
DA:121,0
DA:123,0
BRF:0
BRH:0
LF:79
LH:0
end_of_record
SF:/home/anatoliy/Documents/T-DEV-600-REN_13/backend/rtc_backend/src/services/hash_passwords.rs
FN:8,_RNvNtNtCs3TuL72Zemk9_11rtc_backend8services14hash_passwords11hash_passwd
FN:18,_RNvNtNtCs3TuL72Zemk9_11rtc_backend8services14hash_passwords13verify_passwd
FN:34,_RNvNtNtNtCs3TuL72Zemk9_11rtc_backend8services14hash_passwords5testss_25hash_and_verify_roundtrip
FN:42,_RNvNtNtNtCs3TuL72Zemk9_11rtc_backend8services14hash_passwords5testss_33wrong_password_fails_verification
FN:49,_RNvNtNtNtCs3TuL72Zemk9_11rtc_backend8services14hash_passwords5testss_39hashing_is_salted_and_non_deterministic
FN:14,_RNCNvNtNtCs3TuL72Zemk9_11rtc_backend8services14hash_passwords11hash_passwd0B7_
FN:15,_RNCNvNtNtCs3TuL72Zemk9_11rtc_backend8services14hash_passwords11hash_passwds_0B7_
FNDA:21,_RNvNtNtCs3TuL72Zemk9_11rtc_backend8services14hash_passwords11hash_passwd
FNDA:4,_RNvNtNtCs3TuL72Zemk9_11rtc_backend8services14hash_passwords13verify_passwd
FNDA:1,_RNvNtNtNtCs3TuL72Zemk9_11rtc_backend8services14hash_passwords5testss_25hash_and_verify_roundtrip
FNDA:1,_RNvNtNtNtCs3TuL72Zemk9_11rtc_backend8services14hash_passwords5testss_33wrong_password_fails_verification
FNDA:1,_RNvNtNtNtCs3TuL72Zemk9_11rtc_backend8services14hash_passwords5testss_39hashing_is_salted_and_non_deterministic
FNDA:21,_RNCNvNtNtCs3TuL72Zemk9_11rtc_backend8services14hash_passwords11hash_passwd0B7_
FNDA:0,_RNCNvNtNtCs3TuL72Zemk9_11rtc_backend8services14hash_passwords11hash_passwds_0B7_
FNF:7
FNH:6
DA:8,21
DA:9,21
DA:10,21
DA:12,21
DA:13,21
DA:14,21
DA:15,21
DA:16,21
DA:18,4
DA:19,4
DA:20,4
DA:21,0
DA:24,4
DA:25,4
DA:26,4
DA:27,4
DA:34,1
DA:35,1
DA:36,1
DA:38,1
DA:39,1
DA:42,1
DA:43,1
DA:45,1
DA:46,1
DA:49,1
DA:50,1
DA:51,1
DA:52,1
DA:54,1
DA:55,1
DA:56,1
DA:57,1
BRF:0
BRH:0
LF:35
LH:33
end_of_record
SF:/home/anatoliy/Documents/T-DEV-600-REN_13/backend/rtc_backend/src/services/servers_service.rs
FN:192,_RNCNvMNtNtCs3TuL72Zemk9_11rtc_backend8services15servers_serviceNtB4_14ServersService21join_server_in_server0B8_
FN:186,_RNvMNtNtCs3TuL72Zemk9_11rtc_backend8services15servers_serviceNtB2_14ServersService21join_server_in_server
FN:389,_RNCNCNvMNtNtCs3TuL72Zemk9_11rtc_backend8services15servers_serviceNtB6_14ServersService10ban_member00Ba_
FN:162,_RNCNCNvMNtNtCs3TuL72Zemk9_11rtc_backend8services15servers_serviceNtB6_14ServersService13create_invite00Ba_
FN:128,_RNCNCNvMNtNtCs3TuL72Zemk9_11rtc_backend8services15servers_serviceNtB6_14ServersService21join_server_by_invite00Ba_
FN:369,_RNCNvMNtNtCs3TuL72Zemk9_11rtc_backend8services15servers_serviceNtB4_14ServersService10ban_member0B8_
FN:324,_RNCNvMNtNtCs3TuL72Zemk9_11rtc_backend8services15servers_serviceNtB4_14ServersService11kick_member0B8_
FN:213,_RNCNvMNtNtCs3TuL72Zemk9_11rtc_backend8services15servers_serviceNtB4_14ServersService12leave_server0B8_
FN:408,_RNCNvMNtNtCs3TuL72Zemk9_11rtc_backend8services15servers_serviceNtB4_14ServersService12unban_member0B8_
FN:153,_RNCNvMNtNtCs3TuL72Zemk9_11rtc_backend8services15servers_serviceNtB4_14ServersService13create_invite0B8_
FN:41,_RNCNvMNtNtCs3TuL72Zemk9_11rtc_backend8services15servers_serviceNtB4_14ServersService13create_server0B8_
FN:44,_RNCNvMNtNtCs3TuL72Zemk9_11rtc_backend8services15servers_serviceNtB4_14ServersService13create_servers_0B8_
FN:263,_RNCNvMNtNtCs3TuL72Zemk9_11rtc_backend8services15servers_serviceNtB4_14ServersService13delete_server0B8_
FN:238,_RNCNvMNtNtCs3TuL72Zemk9_11rtc_backend8services15servers_serviceNtB4_14ServersService13update_server0B8_
FN:445,_RNCNvMNtNtCs3TuL72Zemk9_11rtc_backend8services15servers_serviceNtB4_14ServersService18transfer_ownership0B8_
FN:284,_RNCNvMNtNtCs3TuL72Zemk9_11rtc_backend8services15servers_serviceNtB4_14ServersService18update_member_role0B8_
FN:105,_RNCNvMNtNtCs3TuL72Zemk9_11rtc_backend8services15servers_serviceNtB4_14ServersService21join_server_by_invite0B8_
FN:560,_RNCNvNtNtNtCs3TuL72Zemk9_11rtc_backend8services15servers_service5testss_42generated_invite_code_is_8_ascii_hex_chars0B9_
FN:351,_RNvMNtNtCs3TuL72Zemk9_11rtc_backend8services15servers_serviceNtB2_14ServersService10ban_member
FN:314,_RNvMNtNtCs3TuL72Zemk9_11rtc_backend8services15servers_serviceNtB2_14ServersService11kick_member
FN:208,_RNvMNtNtCs3TuL72Zemk9_11rtc_backend8services15servers_serviceNtB2_14ServersService12leave_server
FN:177,_RNvMNtNtCs3TuL72Zemk9_11rtc_backend8services15servers_serviceNtB2_14ServersService12list_members
FN:402,_RNvMNtNtCs3TuL72Zemk9_11rtc_backend8services15servers_serviceNtB2_14ServersService12unban_member
FN:146,_RNvMNtNtCs3TuL72Zemk9_11rtc_backend8services15servers_serviceNtB2_14ServersService13create_invite
FN:29,_RNvMNtNtCs3TuL72Zemk9_11rtc_backend8services15servers_serviceNtB2_14ServersService13create_server
FN:258,_RNvMNtNtCs3TuL72Zemk9_11rtc_backend8services15servers_serviceNtB2_14ServersService13delete_server
FN:472,_RNvMNtNtCs3TuL72Zemk9_11rtc_backend8services15servers_serviceNtB2_14ServersService13get_user_role
FN:229,_RNvMNtNtCs3TuL72Zemk9_11rtc_backend8services15servers_serviceNtB2_14ServersService13update_server
FN:74,_RNvMNtNtCs3TuL72Zemk9_11rtc_backend8services15servers_serviceNtB2_14ServersService15list_my_servers
FN:82,_RNvMNtNtCs3TuL72Zemk9_11rtc_backend8services15servers_serviceNtB2_14ServersService18get_server_details
FN:435,_RNvMNtNtCs3TuL72Zemk9_11rtc_backend8services15servers_serviceNtB2_14ServersService18transfer_ownership
FN:277,_RNvMNtNtCs3TuL72Zemk9_11rtc_backend8services15servers_serviceNtB2_14ServersService18update_member_role
FN:95,_RNvMNtNtCs3TuL72Zemk9_11rtc_backend8services15servers_serviceNtB2_14ServersService21join_server_by_invite
FN:251,_RNvMNtNtCs3TuL72Zemk9_11rtc_backend8services15servers_serviceNtB2_14ServersService24validate_server_name_opt
FN:423,_RNvMNtNtCs3TuL72Zemk9_11rtc_backend8services15servers_serviceNtB2_14ServersService9list_bans
FN:514,_RNvNtNtCs3TuL72Zemk9_11rtc_backend8services15servers_service19member_role_to_role
FN:522,_RNvNtNtCs3TuL72Zemk9_11rtc_backend8services15servers_service19role_to_member_role
FN:509,_RNvNtNtCs3TuL72Zemk9_11rtc_backend8services15servers_service20generate_invite_code
FN:484,_RNvNtNtCs3TuL72Zemk9_11rtc_backend8services15servers_service20validate_server_name
FN:497,_RNvNtNtCs3TuL72Zemk9_11rtc_backend8services15servers_service21validate_channel_name
FN:532,_RNvNtNtCs3TuL72Zemk9_11rtc_backend8services15servers_service31map_diesel_notfound_to_notfound
FN:564,_RNvNtNtNtCs3TuL72Zemk9_11rtc_backend8services15servers_service5testss_28role_mappings_are_consistent
FN:551,_RNvNtNtNtCs3TuL72Zemk9_11rtc_backend8services15servers_service5testss_39validate_server_name_accepts_valid_name
FN:557,_RNvNtNtNtCs3TuL72Zemk9_11rtc_backend8services15servers_service5testss_42generated_invite_code_is_8_ascii_hex_chars
FN:544,_RNvNtNtNtCs3TuL72Zemk9_11rtc_backend8services15servers_service5testss_47validate_server_name_rejects_empty_and_too_long
FNDA:0,_RNCNvMNtNtCs3TuL72Zemk9_11rtc_backend8services15servers_serviceNtB4_14ServersService21join_server_in_server0B8_
FNDA:0,_RNvMNtNtCs3TuL72Zemk9_11rtc_backend8services15servers_serviceNtB2_14ServersService21join_server_in_server
FNDA:1,_RNCNCNvMNtNtCs3TuL72Zemk9_11rtc_backend8services15servers_serviceNtB6_14ServersService10ban_member00Ba_
FNDA:1,_RNCNCNvMNtNtCs3TuL72Zemk9_11rtc_backend8services15servers_serviceNtB6_14ServersService13create_invite00Ba_
FNDA:1,_RNCNCNvMNtNtCs3TuL72Zemk9_11rtc_backend8services15servers_serviceNtB6_14ServersService21join_server_by_invite00Ba_
FNDA:1,_RNCNvMNtNtCs3TuL72Zemk9_11rtc_backend8services15servers_serviceNtB4_14ServersService10ban_member0B8_
FNDA:1,_RNCNvMNtNtCs3TuL72Zemk9_11rtc_backend8services15servers_serviceNtB4_14ServersService11kick_member0B8_
FNDA:1,_RNCNvMNtNtCs3TuL72Zemk9_11rtc_backend8services15servers_serviceNtB4_14ServersService12leave_server0B8_
FNDA:1,_RNCNvMNtNtCs3TuL72Zemk9_11rtc_backend8services15servers_serviceNtB4_14ServersService12unban_member0B8_
FNDA:2,_RNCNvMNtNtCs3TuL72Zemk9_11rtc_backend8services15servers_serviceNtB4_14ServersService13create_invite0B8_
FNDA:0,_RNCNvMNtNtCs3TuL72Zemk9_11rtc_backend8services15servers_serviceNtB4_14ServersService13create_server0B8_
FNDA:6,_RNCNvMNtNtCs3TuL72Zemk9_11rtc_backend8services15servers_serviceNtB4_14ServersService13create_servers_0B8_
FNDA:0,_RNCNvMNtNtCs3TuL72Zemk9_11rtc_backend8services15servers_serviceNtB4_14ServersService13delete_server0B8_
FNDA:0,_RNCNvMNtNtCs3TuL72Zemk9_11rtc_backend8services15servers_serviceNtB4_14ServersService13update_server0B8_
FNDA:0,_RNCNvMNtNtCs3TuL72Zemk9_11rtc_backend8services15servers_serviceNtB4_14ServersService18transfer_ownership0B8_
FNDA:2,_RNCNvMNtNtCs3TuL72Zemk9_11rtc_backend8services15servers_serviceNtB4_14ServersService18update_member_role0B8_
FNDA:6,_RNCNvMNtNtCs3TuL72Zemk9_11rtc_backend8services15servers_serviceNtB4_14ServersService21join_server_by_invite0B8_
FNDA:8,_RNCNvNtNtNtCs3TuL72Zemk9_11rtc_backend8services15servers_service5testss_42generated_invite_code_is_8_ascii_hex_chars0B9_
FNDA:1,_RNvMNtNtCs3TuL72Zemk9_11rtc_backend8services15servers_serviceNtB2_14ServersService10ban_member
FNDA:1,_RNvMNtNtCs3TuL72Zemk9_11rtc_backend8services15servers_serviceNtB2_14ServersService11kick_member
FNDA:1,_RNvMNtNtCs3TuL72Zemk9_11rtc_backend8services15servers_serviceNtB2_14ServersService12leave_server
FNDA:0,_RNvMNtNtCs3TuL72Zemk9_11rtc_backend8services15servers_serviceNtB2_14ServersService12list_members
FNDA:1,_RNvMNtNtCs3TuL72Zemk9_11rtc_backend8services15servers_serviceNtB2_14ServersService12unban_member
FNDA:2,_RNvMNtNtCs3TuL72Zemk9_11rtc_backend8services15servers_serviceNtB2_14ServersService13create_invite
FNDA:6,_RNvMNtNtCs3TuL72Zemk9_11rtc_backend8services15servers_serviceNtB2_14ServersService13create_server
FNDA:0,_RNvMNtNtCs3TuL72Zemk9_11rtc_backend8services15servers_serviceNtB2_14ServersService13delete_server
FNDA:13,_RNvMNtNtCs3TuL72Zemk9_11rtc_backend8services15servers_serviceNtB2_14ServersService13get_user_role
FNDA:0,_RNvMNtNtCs3TuL72Zemk9_11rtc_backend8services15servers_serviceNtB2_14ServersService13update_server
FNDA:0,_RNvMNtNtCs3TuL72Zemk9_11rtc_backend8services15servers_serviceNtB2_14ServersService15list_my_servers
FNDA:0,_RNvMNtNtCs3TuL72Zemk9_11rtc_backend8services15servers_serviceNtB2_14ServersService18get_server_details
FNDA:0,_RNvMNtNtCs3TuL72Zemk9_11rtc_backend8services15servers_serviceNtB2_14ServersService18transfer_ownership
FNDA:2,_RNvMNtNtCs3TuL72Zemk9_11rtc_backend8services15servers_serviceNtB2_14ServersService18update_member_role
FNDA:6,_RNvMNtNtCs3TuL72Zemk9_11rtc_backend8services15servers_serviceNtB2_14ServersService21join_server_by_invite
FNDA:0,_RNvMNtNtCs3TuL72Zemk9_11rtc_backend8services15servers_serviceNtB2_14ServersService24validate_server_name_opt
FNDA:1,_RNvMNtNtCs3TuL72Zemk9_11rtc_backend8services15servers_serviceNtB2_14ServersService9list_bans
FNDA:16,_RNvNtNtCs3TuL72Zemk9_11rtc_backend8services15servers_service19member_role_to_role
FNDA:5,_RNvNtNtCs3TuL72Zemk9_11rtc_backend8services15servers_service19role_to_member_role
FNDA:8,_RNvNtNtCs3TuL72Zemk9_11rtc_backend8services15servers_service20generate_invite_code
FNDA:11,_RNvNtNtCs3TuL72Zemk9_11rtc_backend8services15servers_service20validate_server_name
FNDA:6,_RNvNtNtCs3TuL72Zemk9_11rtc_backend8services15servers_service21validate_channel_name
FNDA:0,_RNvNtNtCs3TuL72Zemk9_11rtc_backend8services15servers_service31map_diesel_notfound_to_notfound
FNDA:1,_RNvNtNtNtCs3TuL72Zemk9_11rtc_backend8services15servers_service5testss_28role_mappings_are_consistent
FNDA:1,_RNvNtNtNtCs3TuL72Zemk9_11rtc_backend8services15servers_service5testss_39validate_server_name_accepts_valid_name
FNDA:1,_RNvNtNtNtCs3TuL72Zemk9_11rtc_backend8services15servers_service5testss_42generated_invite_code_is_8_ascii_hex_chars
FNDA:1,_RNvNtNtNtCs3TuL72Zemk9_11rtc_backend8services15servers_service5testss_47validate_server_name_rejects_empty_and_too_long
FNF:45
FNH:31
DA:29,6
DA:30,6
DA:31,6
DA:32,6
DA:33,6
DA:34,6
DA:35,6
DA:36,6
DA:37,6
DA:38,6
DA:39,6
DA:40,6
DA:41,6
DA:42,6
DA:44,6
DA:45,6
DA:47,6
DA:49,6
DA:50,6
DA:51,6
DA:52,6
DA:53,6
DA:55,6
DA:56,0
DA:58,6
DA:59,6
DA:60,6
DA:61,6
DA:62,6
DA:63,6
DA:64,6
DA:65,0
DA:67,6
DA:68,6
DA:69,6
DA:70,6
DA:71,6
DA:72,6
DA:74,0
DA:75,0
DA:76,0
DA:77,0
DA:78,0
DA:79,0
DA:80,0
DA:82,0
DA:83,0
DA:84,0
DA:85,0
DA:86,0
DA:87,0
DA:88,0
DA:89,0
DA:90,0
DA:91,0
DA:92,0
DA:93,0
DA:95,6
DA:96,6
DA:97,6
DA:98,6
DA:99,6
DA:100,6
DA:101,6
DA:102,0
DA:103,6
DA:105,6
DA:106,6
DA:107,6
DA:109,6
DA:110,3
DA:111,0
DA:112,3
DA:113,3
DA:115,6
DA:116,6
DA:118,6
DA:119,1
DA:120,1
DA:121,1
DA:122,5
DA:124,5
DA:125,0
DA:126,5
DA:128,5
DA:129,1
DA:130,0
DA:131,1
DA:133,4
DA:134,4
DA:135,4
DA:136,4
DA:137,4
DA:138,0
DA:140,4
DA:142,4
DA:143,6
DA:144,6
DA:146,2
DA:147,2
DA:148,2
DA:149,2
DA:150,2
DA:151,2
DA:152,2
DA:153,2
DA:154,2
DA:155,2
DA:156,1
DA:157,1
DA:158,1
DA:159,1
DA:161,1
DA:162,1
DA:164,1
DA:165,1
DA:166,1
DA:167,1
DA:168,1
DA:169,1
DA:170,1
DA:171,0
DA:173,1
DA:174,2
DA:175,2
DA:177,0
DA:178,0
DA:179,0
DA:180,0
DA:181,0
DA:182,0
DA:183,0
DA:184,0
DA:186,0
DA:187,0
DA:188,0
DA:189,0
DA:190,0
DA:191,0
DA:192,0
DA:193,0
DA:194,0
DA:196,0
DA:197,0
DA:198,0
DA:199,0
DA:200,0
DA:202,0
DA:203,0
DA:204,0
DA:205,0
DA:206,0
DA:208,1
DA:209,1
DA:210,1
DA:211,1
DA:212,1
DA:213,1
DA:214,1
DA:216,1
DA:217,1
DA:218,0
DA:220,0
DA:221,0
DA:222,0
DA:223,0
DA:225,0
DA:226,1
DA:227,1
DA:229,0
DA:230,0
DA:231,0
DA:232,0
DA:233,0
DA:234,0
DA:235,0
DA:236,0
DA:238,0
DA:239,0
DA:240,0
DA:241,0
DA:242,0
DA:243,0
DA:244,0
DA:245,0
DA:246,0
DA:247,0
DA:248,0
DA:249,0
DA:251,0
DA:252,0
DA:253,0
DA:254,0
DA:255,0
DA:256,0
DA:258,0
DA:259,0
DA:260,0
DA:261,0
DA:262,0
DA:263,0
DA:264,0
DA:265,0
DA:266,0
DA:267,0
DA:269,0
DA:270,0
DA:271,0
DA:272,0
DA:273,0
DA:274,0
DA:275,0
DA:277,2
DA:278,2
DA:279,2
DA:280,2
DA:281,2
DA:282,2
DA:283,2
DA:284,2
DA:285,2
DA:286,2
DA:287,0
DA:288,2
DA:290,2
DA:291,0
DA:292,0
DA:293,0
DA:294,2
DA:296,2
DA:297,2
DA:298,0
DA:299,0
DA:300,0
DA:301,2
DA:303,2
DA:304,2
DA:305,2
DA:306,2
DA:307,2
DA:308,0
DA:310,2
DA:311,2
DA:312,2
DA:314,1
DA:315,1
DA:316,1
DA:317,1
DA:318,1
DA:319,1
DA:320,1
DA:321,0
DA:322,1
DA:324,1
DA:325,1
DA:326,1
DA:327,0
DA:328,0
DA:329,0
DA:330,1
DA:332,1
DA:333,1
DA:334,0
DA:335,1
DA:336,1
DA:337,0
DA:338,0
DA:339,0
DA:340,1
DA:342,1
DA:343,1
DA:344,1
DA:345,0
DA:346,1
DA:347,1
DA:348,1
DA:349,1
DA:351,1
DA:352,1
DA:353,1
DA:354,1
DA:355,1
DA:356,1
DA:357,1
DA:358,1
DA:359,1
DA:360,0
DA:361,1
DA:363,1
DA:364,1
DA:365,0
DA:366,1
DA:367,0
DA:369,1
DA:370,1
DA:371,1
DA:372,0
DA:373,0
DA:374,0
DA:375,1
DA:377,1
DA:378,1
DA:379,1
DA:380,0
DA:381,1
DA:382,1
DA:383,0
DA:384,1
DA:386,1
DA:387,0
DA:389,1
DA:390,1
DA:391,1
DA:392,1
DA:393,1
DA:394,1
DA:395,1
DA:396,1
DA:397,0
DA:398,1
DA:399,1
DA:400,1
DA:402,1
DA:403,1
DA:404,1
DA:405,1
DA:406,1
DA:407,1
DA:408,1
DA:409,1
DA:410,1
DA:411,0
DA:412,0
DA:413,0
DA:414,1
DA:415,1
DA:416,1
DA:417,0
DA:418,1
DA:419,1
DA:420,1
DA:421,1
DA:423,1
DA:424,1
DA:425,1
DA:426,1
DA:427,1
DA:428,1
DA:429,1
DA:430,0
DA:431,1
DA:432,1
DA:433,1
DA:435,0
DA:436,0
DA:437,0
DA:438,0
DA:439,0
DA:440,0
DA:441,0
DA:442,0
DA:443,0
DA:445,0
DA:446,0
DA:447,0
DA:448,0
DA:449,0
DA:450,0
DA:451,0
DA:453,0
DA:455,0
DA:456,0
DA:457,0
DA:458,0
DA:459,0
DA:460,0
DA:461,0
DA:462,0
DA:463,0
DA:464,0
DA:465,0
DA:466,0
DA:468,0
DA:469,0
DA:470,0
DA:472,13
DA:473,13
DA:474,13
DA:475,13
DA:476,13
DA:477,13
DA:478,13
DA:480,13
DA:481,13
DA:484,11
DA:485,11
DA:486,11
DA:487,2
DA:488,9
DA:489,9
DA:490,1
DA:491,1
DA:492,1
DA:493,8
DA:494,8
DA:495,11
DA:497,6
DA:498,6
DA:499,0
DA:500,6
DA:501,6
DA:502,0
DA:503,0
DA:504,0
DA:505,6
DA:506,6
DA:507,6
DA:509,8
DA:510,8
DA:511,8
DA:512,8
DA:514,16
DA:515,16
DA:516,9
DA:517,2
DA:518,5
DA:520,16
DA:522,5
DA:523,5
DA:524,1
DA:525,2
DA:526,2
DA:528,5
DA:532,0
DA:533,0
DA:534,0
DA:535,0
DA:537,0
DA:544,1
DA:545,1
DA:546,1
DA:547,1
DA:548,1
DA:551,1
DA:552,1
DA:553,1
DA:554,1
DA:557,1
DA:558,1
DA:559,1
DA:560,8
DA:561,1
DA:564,1
DA:565,1
DA:566,1
DA:567,1
DA:568,1
DA:569,1
DA:570,1
DA:571,1
BRF:0
BRH:0
LF:478
LH:297
end_of_record